This file contains any messages produced by compilers while
running configure, to aid debugging if configure makes a mistake.

It was created by GStreamer OpenGL Plug-ins configure 0.10.2, which was
generated by GNU Autoconf 2.67.  Invocation command line was

  $ ./configure --build arm-linux-gnueabi --prefix=/usr --mandir=${prefix}/share/man --infodir=${prefix}/share/info CFLAGS=-g -O2 LDFLAGS=-Wl,-z,defs PLATFORM=MX51 BUILDER=LTIB VERSION=2.0.3-1-179-e630aa8d PACKAGE=gst-fsl-plugin-egl

## --------- ##
## Platform. ##
## --------- ##

hostname = neko-desktop
uname -m = armv7l
uname -r = 2.6.31.14.27-efikamx
uname -s = Linux
uname -v = #1 PREEMPT Tue Feb 19 11:27:22 CST 2013

/usr/bin/uname -p = unknown
/bin/uname -X     = unknown

/bin/arch              = unknown
/usr/bin/arch -k       = unknown
/usr/convex/getsysinfo = unknown
/usr/bin/hostinfo      = unknown
/bin/machine           = unknown
/usr/bin/oslevel       = unknown
/bin/universe          = unknown

PATH: /usr/local/sbin
PATH: /usr/local/bin
PATH: /usr/sbin
PATH: /usr/bin
PATH: /sbin
PATH: /bin
PATH: /usr/games


## ----------- ##
## Core tests. ##
## ----------- ##

configure:3099: checking for a BSD-compatible install
configure:3167: result: /usr/bin/install -c
configure:3178: checking whether build environment is sane
configure:3228: result: yes
configure:3369: checking for a thread-safe mkdir -p
configure:3408: result: /bin/mkdir -p
configure:3421: checking for gawk
configure:3437: found /usr/bin/gawk
configure:3448: result: gawk
configure:3459: checking whether make sets $(MAKE)
configure:3481: result: yes
configure:3573: checking nano version
configure:3579: result: 0 (release)
configure:3607: checking whether to enable maintainer-specific portions of Makefiles
configure:3616: result: no
configure:3634: checking build system type
configure:3648: result: arm-unknown-linux-gnueabi
configure:3668: checking host system type
configure:3681: result: arm-unknown-linux-gnueabi
configure:4083: checking for style of include used by make
configure:4111: result: GNU
configure:4181: checking for gcc
configure:4197: found /usr/local/bin/gcc
configure:4208: result: gcc
configure:4437: checking for C compiler version
configure:4446: gcc --version >&5
gcc (Ubuntu/Linaro 4.5.1-7ubuntu2) 4.5.1
Copyright (C) 2010 Free Software Foundation, Inc.
This is free software; see the source for copying conditions.  There is NO
warranty; not even for MERCHANTABILITY or FITNESS FOR A PARTICULAR PURPOSE.

configure:4457: $? = 0
configure:4446: gcc -v >&5
Using built-in specs.
COLLECT_GCC=/usr/bin/gcc
COLLECT_LTO_WRAPPER=/usr/lib/gcc/arm-linux-gnueabi/4.5.1/lto-wrapper
Target: arm-linux-gnueabi
Configured with: ../src/configure -v --with-pkgversion='Ubuntu/Linaro 4.5.1-7ubuntu2' --with-bugurl=file:///usr/share/doc/gcc-4.5/README.Bugs --enable-languages=c,c++,fortran,objc,obj-c++ --prefix=/usr --program-suffix=-4.5 --enable-shared --enable-multiarch --enable-linker-build-id --with-system-zlib --libexecdir=/usr/lib --without-included-gettext --enable-threads=posix --with-gxx-include-dir=/usr/include/c++/4.5 --libdir=/usr/lib --enable-nls --with-sysroot=/ --enable-clocale=gnu --enable-libstdcxx-debug --enable-libstdcxx-time=yes --enable-plugin --enable-objc-gc --disable-sjlj-exceptions --with-arch=armv7-a --with-float=softfp --with-fpu=vfpv3-d16 --with-mode=thumb --disable-werror --enable-checking=release --build=arm-linux-gnueabi --host=arm-linux-gnueabi --target=arm-linux-gnueabi
Thread model: posix
gcc version 4.5.1 (Ubuntu/Linaro 4.5.1-7ubuntu2) 
configure:4457: $? = 0
configure:4446: gcc -V >&5
gcc: '-V' option must have argument
configure:4457: $? = 1
configure:4446: gcc -qversion >&5
gcc: unrecognized option '-qversion'
gcc: no input files
configure:4457: $? = 1
configure:4477: checking whether the C compiler works
configure:4499: gcc -g -O2  -Wl,-z,defs conftest.c  >&5
configure:4503: $? = 0
configure:4551: result: yes
configure:4554: checking for C compiler default output file name
configure:4556: result: a.out
configure:4562: checking for suffix of executables
configure:4569: gcc -o conftest -g -O2  -Wl,-z,defs conftest.c  >&5
configure:4573: $? = 0
configure:4595: result: 
configure:4617: checking whether we are cross compiling
configure:4625: gcc -o conftest -g -O2  -Wl,-z,defs conftest.c  >&5
configure:4629: $? = 0
configure:4636: ./conftest
configure:4640: $? = 0
configure:4655: result: no
configure:4660: checking for suffix of object files
configure:4682: gcc -c -g -O2  conftest.c >&5
configure:4686: $? = 0
configure:4707: result: o
configure:4711: checking whether we are using the GNU C compiler
configure:4730: gcc -c -g -O2  conftest.c >&5
configure:4730: $? = 0
configure:4739: result: yes
configure:4748: checking whether gcc accepts -g
configure:4768: gcc -c -g  conftest.c >&5
configure:4768: $? = 0
configure:4809: result: yes
configure:4826: checking for gcc option to accept ISO C89
configure:4890: gcc  -c -g -O2  conftest.c >&5
configure:4890: $? = 0
configure:4903: result: none needed
configure:4925: checking dependency style of gcc
configure:5035: result: gcc3
configure:5050: checking for a sed that does not truncate output
configure:5114: result: /bin/sed
configure:5132: checking for grep that handles long lines and -e
configure:5190: result: /bin/grep
configure:5195: checking for egrep
configure:5257: result: /bin/grep -E
configure:5262: checking for fgrep
configure:5324: result: /bin/grep -F
configure:5359: checking for ld used by gcc
configure:5426: result: /usr/bin/ld
configure:5433: checking if the linker (/usr/bin/ld) is GNU ld
configure:5448: result: yes
configure:5460: checking for BSD- or MS-compatible name lister (nm)
configure:5509: result: /usr/bin/nm -B
configure:5627: checking the name lister (/usr/bin/nm -B) interface
configure:5634: gcc -c -g -O2  conftest.c >&5
configure:5637: /usr/bin/nm -B "conftest.o"
configure:5640: output
00000000 B some_variable
configure:5647: result: BSD nm
configure:5650: checking whether ln -s works
configure:5654: result: yes
configure:5662: checking the maximum length of command line arguments
configure:5782: result: 805306365
configure:5799: checking whether the shell understands some XSI constructs
configure:5809: result: yes
configure:5813: checking whether the shell understands "+="
configure:5819: result: yes
configure:5854: checking for /usr/bin/ld option to reload object files
configure:5861: result: -r
configure:5930: checking for objdump
configure:5957: result: objdump
configure:5986: checking how to recognize dependent libraries
configure:6182: result: pass_all
configure:6242: checking for ar
configure:6258: found /usr/bin/ar
configure:6269: result: ar
configure:6347: checking for strip
configure:6363: found /usr/bin/strip
configure:6374: result: strip
configure:6446: checking for ranlib
configure:6462: found /usr/bin/ranlib
configure:6473: result: ranlib
configure:6563: checking command to parse /usr/bin/nm -B output from gcc object
configure:6681: gcc -c -g -O2  conftest.c >&5
configure:6684: $? = 0
configure:6688: /usr/bin/nm -B conftest.o \| sed -n -e 's/^.*[	 ]\([ABCDGIRSTW][ABCDGIRSTW]*\)[	 ][	 ]*\([_A-Za-z][_A-Za-z0-9]*\)$/\1 \2 \2/p' \> conftest.nm
configure:6691: $? = 0
configure:6745: gcc -o conftest -g -O2  -Wl,-z,defs conftest.c conftstm.o >&5
configure:6748: $? = 0
configure:6786: result: ok
configure:7595: checking how to run the C preprocessor
configure:7626: gcc -E  conftest.c
configure:7626: $? = 0
configure:7640: gcc -E  conftest.c
conftest.c:11:28: fatal error: ac_nonexistent.h: No such file or directory
compilation terminated.
configure:7640: $? = 1
configure: failed program was:
| /* confdefs.h */
| #define PACKAGE_NAME "GStreamer OpenGL Plug-ins"
| #define PACKAGE_TARNAME "gst-plugins-egl"
| #define PACKAGE_VERSION "0.10.2"
| #define PACKAGE_STRING "GStreamer OpenGL Plug-ins 0.10.2"
| #define PACKAGE_BUGREPORT "http://bugzilla.gnome.org/enter_bug.cgi?product=GStreamer"
| #define PACKAGE_URL ""
| #define PACKAGE "gst-plugins-egl"
| #define VERSION "0.10.2"
| /* end confdefs.h.  */
| #include <ac_nonexistent.h>
configure:7665: result: gcc -E
configure:7685: gcc -E  conftest.c
configure:7685: $? = 0
configure:7699: gcc -E  conftest.c
conftest.c:11:28: fatal error: ac_nonexistent.h: No such file or directory
compilation terminated.
configure:7699: $? = 1
configure: failed program was:
| /* confdefs.h */
| #define PACKAGE_NAME "GStreamer OpenGL Plug-ins"
| #define PACKAGE_TARNAME "gst-plugins-egl"
| #define PACKAGE_VERSION "0.10.2"
| #define PACKAGE_STRING "GStreamer OpenGL Plug-ins 0.10.2"
| #define PACKAGE_BUGREPORT "http://bugzilla.gnome.org/enter_bug.cgi?product=GStreamer"
| #define PACKAGE_URL ""
| #define PACKAGE "gst-plugins-egl"
| #define VERSION "0.10.2"
| /* end confdefs.h.  */
| #include <ac_nonexistent.h>
configure:7728: checking for ANSI C header files
configure:7748: gcc -c -g -O2  conftest.c >&5
configure:7748: $? = 0
configure:7821: gcc -o conftest -g -O2  -Wl,-z,defs conftest.c  >&5
configure:7821: $? = 0
configure:7821: ./conftest
configure:7821: $? = 0
configure:7832: result: yes
configure:7845: checking for sys/types.h
configure:7845: gcc -c -g -O2  conftest.c >&5
configure:7845: $? = 0
configure:7845: result: yes
configure:7845: checking for sys/stat.h
configure:7845: gcc -c -g -O2  conftest.c >&5
configure:7845: $? = 0
configure:7845: result: yes
configure:7845: checking for stdlib.h
configure:7845: gcc -c -g -O2  conftest.c >&5
configure:7845: $? = 0
configure:7845: result: yes
configure:7845: checking for string.h
configure:7845: gcc -c -g -O2  conftest.c >&5
configure:7845: $? = 0
configure:7845: result: yes
configure:7845: checking for memory.h
configure:7845: gcc -c -g -O2  conftest.c >&5
configure:7845: $? = 0
configure:7845: result: yes
configure:7845: checking for strings.h
configure:7845: gcc -c -g -O2  conftest.c >&5
configure:7845: $? = 0
configure:7845: result: yes
configure:7845: checking for inttypes.h
configure:7845: gcc -c -g -O2  conftest.c >&5
configure:7845: $? = 0
configure:7845: result: yes
configure:7845: checking for stdint.h
configure:7845: gcc -c -g -O2  conftest.c >&5
configure:7845: $? = 0
configure:7845: result: yes
configure:7845: checking for unistd.h
configure:7845: gcc -c -g -O2  conftest.c >&5
configure:7845: $? = 0
configure:7845: result: yes
configure:7859: checking for dlfcn.h
configure:7859: gcc -c -g -O2  conftest.c >&5
configure:7859: $? = 0
configure:7859: result: yes
configure:8039: checking for objdir
configure:8054: result: .libs
configure:8350: checking if gcc supports -fno-rtti -fno-exceptions
configure:8368: gcc -c -g -O2  -fno-rtti -fno-exceptions conftest.c >&5
cc1: warning: command line option "-fno-rtti" is valid for C++/ObjC++ but not for C
cc1: warning: command line option "-fno-rtti" is valid for C++/ObjC++ but not for C
configure:8372: $? = 0
configure:8385: result: no
configure:8405: checking for gcc option to produce PIC
configure:8677: result: -fPIC -DPIC
configure:8689: checking if gcc PIC flag -fPIC -DPIC works
configure:8707: gcc -c -g -O2  -fPIC -DPIC -DPIC conftest.c >&5
configure:8711: $? = 0
configure:8724: result: yes
configure:8748: checking if gcc static flag -static works
configure:8776: result: yes
configure:8791: checking if gcc supports -c -o file.o
configure:8812: gcc -c -g -O2  -o out/conftest2.o conftest.c >&5
configure:8816: $? = 0
configure:8838: result: yes
configure:8846: checking if gcc supports -c -o file.o
configure:8893: result: yes
configure:8926: checking whether the gcc linker (/usr/bin/ld) supports shared libraries
configure:9917: result: yes
configure:9954: checking whether -lc should be explicitly linked in
configure:9959: gcc -c -g -O2  conftest.c >&5
configure:9962: $? = 0
configure:9977: gcc -shared conftest.o  -v -Wl,-soname -Wl,conftest -o conftest 2\>\&1 \| /bin/grep  -lc  \>/dev/null 2\>\&1
configure:9980: $? = 0
configure:9992: result: no
configure:10156: checking dynamic linker characteristics
configure:10589: gcc -o conftest -g -O2  -Wl,-z,defs -Wl,-rpath -Wl,/foo conftest.c  >&5
configure:10589: $? = 0
configure:10819: result: GNU/Linux ld.so
configure:10921: checking how to hardcode library paths into programs
configure:10946: result: immediate
configure:11040: checking for shl_load
configure:11040: gcc -o conftest -g -O2  -Wl,-z,defs conftest.c  >&5
/tmp/ccgWJ9kQ.o: In function `main':
/media/kitten_storage/gstreamer/egl/gst-fsl-plugin-egl-2.0.3/conftest.c:57: undefined reference to `shl_load'
collect2: ld returned 1 exit status
configure:11040: $? = 1
configure: failed program was:
| /* confdefs.h */
| #define PACKAGE_NAME "GStreamer OpenGL Plug-ins"
| #define PACKAGE_TARNAME "gst-plugins-egl"
| #define PACKAGE_VERSION "0.10.2"
| #define PACKAGE_STRING "GStreamer OpenGL Plug-ins 0.10.2"
| #define PACKAGE_BUGREPORT "http://bugzilla.gnome.org/enter_bug.cgi?product=GStreamer"
| #define PACKAGE_URL ""
| #define PACKAGE "gst-plugins-egl"
| #define VERSION "0.10.2"
| #define STDC_HEADERS 1
| #define HAVE_SYS_TYPES_H 1
| #define HAVE_SYS_STAT_H 1
| #define HAVE_STDLIB_H 1
| #define HAVE_STRING_H 1
| #define HAVE_MEMORY_H 1
| #define HAVE_STRINGS_H 1
| #define HAVE_INTTYPES_H 1
| #define HAVE_STDINT_H 1
| #define HAVE_UNISTD_H 1
| #define HAVE_DLFCN_H 1
| #define LT_OBJDIR ".libs/"
| /* end confdefs.h.  */
| /* Define shl_load to an innocuous variant, in case <limits.h> declares shl_load.
|    For example, HP-UX 11i <limits.h> declares gettimeofday.  */
| #define shl_load innocuous_shl_load
| 
| /* System header to define __stub macros and hopefully few prototypes,
|     which can conflict with char shl_load (); below.
|     Prefer <limits.h> to <assert.h> if __STDC__ is defined, since
|     <limits.h> exists even on freestanding compilers.  */
| 
| #ifdef __STDC__
| # include <limits.h>
| #else
| # include <assert.h>
| #endif
| 
| #undef shl_load
| 
| /* Override any GCC internal prototype to avoid an error.
|    Use char because int might match the return type of a GCC
|    builtin and then its argument prototype would still apply.  */
| #ifdef __cplusplus
| extern "C"
| #endif
| char shl_load ();
| /* The GNU C library defines this for functions which it implements
|     to always fail with ENOSYS.  Some functions are actually named
|     something starting with __ and the normal name is an alias.  */
| #if defined __stub_shl_load || defined __stub___shl_load
| choke me
| #endif
| 
| int
| main ()
| {
| return shl_load ();
|   ;
|   return 0;
| }
configure:11040: result: no
configure:11044: checking for shl_load in -ldld
configure:11069: gcc -o conftest -g -O2  -Wl,-z,defs conftest.c -ldld   >&5
/usr/bin/ld: cannot find -ldld
collect2: ld returned 1 exit status
configure:11069: $? = 1
configure: failed program was:
| /* confdefs.h */
| #define PACKAGE_NAME "GStreamer OpenGL Plug-ins"
| #define PACKAGE_TARNAME "gst-plugins-egl"
| #define PACKAGE_VERSION "0.10.2"
| #define PACKAGE_STRING "GStreamer OpenGL Plug-ins 0.10.2"
| #define PACKAGE_BUGREPORT "http://bugzilla.gnome.org/enter_bug.cgi?product=GStreamer"
| #define PACKAGE_URL ""
| #define PACKAGE "gst-plugins-egl"
| #define VERSION "0.10.2"
| #define STDC_HEADERS 1
| #define HAVE_SYS_TYPES_H 1
| #define HAVE_SYS_STAT_H 1
| #define HAVE_STDLIB_H 1
| #define HAVE_STRING_H 1
| #define HAVE_MEMORY_H 1
| #define HAVE_STRINGS_H 1
| #define HAVE_INTTYPES_H 1
| #define HAVE_STDINT_H 1
| #define HAVE_UNISTD_H 1
| #define HAVE_DLFCN_H 1
| #define LT_OBJDIR ".libs/"
| /* end confdefs.h.  */
| 
| /* Override any GCC internal prototype to avoid an error.
|    Use char because int might match the return type of a GCC
|    builtin and then its argument prototype would still apply.  */
| #ifdef __cplusplus
| extern "C"
| #endif
| char shl_load ();
| int
| main ()
| {
| return shl_load ();
|   ;
|   return 0;
| }
configure:11078: result: no
configure:11083: checking for dlopen
configure:11083: gcc -o conftest -g -O2  -Wl,-z,defs conftest.c  >&5
/tmp/ccGYXk2Q.o: In function `main':
/media/kitten_storage/gstreamer/egl/gst-fsl-plugin-egl-2.0.3/conftest.c:57: undefined reference to `dlopen'
collect2: ld returned 1 exit status
configure:11083: $? = 1
configure: failed program was:
| /* confdefs.h */
| #define PACKAGE_NAME "GStreamer OpenGL Plug-ins"
| #define PACKAGE_TARNAME "gst-plugins-egl"
| #define PACKAGE_VERSION "0.10.2"
| #define PACKAGE_STRING "GStreamer OpenGL Plug-ins 0.10.2"
| #define PACKAGE_BUGREPORT "http://bugzilla.gnome.org/enter_bug.cgi?product=GStreamer"
| #define PACKAGE_URL ""
| #define PACKAGE "gst-plugins-egl"
| #define VERSION "0.10.2"
| #define STDC_HEADERS 1
| #define HAVE_SYS_TYPES_H 1
| #define HAVE_SYS_STAT_H 1
| #define HAVE_STDLIB_H 1
| #define HAVE_STRING_H 1
| #define HAVE_MEMORY_H 1
| #define HAVE_STRINGS_H 1
| #define HAVE_INTTYPES_H 1
| #define HAVE_STDINT_H 1
| #define HAVE_UNISTD_H 1
| #define HAVE_DLFCN_H 1
| #define LT_OBJDIR ".libs/"
| /* end confdefs.h.  */
| /* Define dlopen to an innocuous variant, in case <limits.h> declares dlopen.
|    For example, HP-UX 11i <limits.h> declares gettimeofday.  */
| #define dlopen innocuous_dlopen
| 
| /* System header to define __stub macros and hopefully few prototypes,
|     which can conflict with char dlopen (); below.
|     Prefer <limits.h> to <assert.h> if __STDC__ is defined, since
|     <limits.h> exists even on freestanding compilers.  */
| 
| #ifdef __STDC__
| # include <limits.h>
| #else
| # include <assert.h>
| #endif
| 
| #undef dlopen
| 
| /* Override any GCC internal prototype to avoid an error.
|    Use char because int might match the return type of a GCC
|    builtin and then its argument prototype would still apply.  */
| #ifdef __cplusplus
| extern "C"
| #endif
| char dlopen ();
| /* The GNU C library defines this for functions which it implements
|     to always fail with ENOSYS.  Some functions are actually named
|     something starting with __ and the normal name is an alias.  */
| #if defined __stub_dlopen || defined __stub___dlopen
| choke me
| #endif
| 
| int
| main ()
| {
| return dlopen ();
|   ;
|   return 0;
| }
configure:11083: result: no
configure:11087: checking for dlopen in -ldl
configure:11112: gcc -o conftest -g -O2  -Wl,-z,defs conftest.c -ldl   >&5
configure:11112: $? = 0
configure:11121: result: yes
configure:11240: checking whether a program can dlopen itself
configure:11310: gcc -o conftest -g -O2  -DHAVE_DLFCN_H -Wl,-z,defs -Wl,--export-dynamic conftest.c -ldl  >&5
configure:11313: $? = 0
configure:11331: result: yes
configure:11336: checking whether a statically linked program can dlopen itself
configure:11406: gcc -o conftest -g -O2  -DHAVE_DLFCN_H -Wl,-z,defs -Wl,--export-dynamic -static conftest.c -ldl  >&5
/tmp/cc8F1ARA.o: In function `main':
/media/kitten_storage/gstreamer/egl/gst-fsl-plugin-egl-2.0.3/configure:11390: warning: Using 'dlopen' in statically linked applications requires at runtime the shared libraries from the glibc version used for linking
configure:11409: $? = 0
/lib/: cannot read file data: Is a directory
configure:11427: result: no
configure:11466: checking whether stripping libraries is possible
configure:11471: result: yes
configure:11506: checking if libtool supports shared libraries
configure:11508: result: yes
configure:11511: checking whether to build shared libraries
configure:11532: result: yes
configure:11535: checking whether to build static libraries
configure:11539: result: yes
configure:11624: checking for objcc
configure:11654: result: no
configure:11624: checking for objc
configure:11654: result: no
configure:11624: checking for gcc
configure:11640: found /usr/local/bin/gcc
configure:11651: result: gcc
configure:11682: checking dependency style of gcc
configure:11790: result: gcc3
configure:11805: checking if Objective C compiler works
gcc: error trying to exec 'cc1obj': execvp: No such file or directory
failed program is:
#include <objc/Object.h>
@interface Moo:Object
{
}
- moo;
int main();
@end

@implementation Moo
- moo
{
  exit(0);
}

int main()
{
  id moo;
  moo = [Moo new];
  [moo moo];
  return 1;
}
@end
configure:11840: result: no
configure:12040: checking whether NLS is requested
configure:12049: result: yes
configure:12090: checking for msgfmt
configure: trying /usr/bin/msgfmt...
0 translated messages.
configure:12122: result: /usr/bin/msgfmt
configure:12131: checking for gmsgfmt
configure:12162: result: /usr/bin/msgfmt
configure:12213: checking for xgettext
configure: trying /usr/bin/xgettext...
/usr/bin/xgettext: warning: file `/dev/null' extension `' is unknown; will try C
configure:12245: result: /usr/bin/xgettext
configure:12291: checking for msgmerge
configure: trying /usr/bin/msgmerge...
configure:12322: result: /usr/bin/msgmerge
configure:12379: checking for ld used by GCC
configure:12443: result: /usr/bin/ld
configure:12450: checking if the linker (/usr/bin/ld) is GNU ld
configure:12463: result: yes
configure:12470: checking for shared library run path origin
configure:12483: result: done
configure:12984: checking for CFPreferencesCopyAppValue
configure:13002: gcc -o conftest -g -O2  -Wl,-z,defs conftest.c  -Wl,-framework -Wl,CoreFoundation >&5
conftest.c:23:42: fatal error: CoreFoundation/CFPreferences.h: No such file or directory
compilation terminated.
configure:13002: $? = 1
configure: failed program was:
| /* confdefs.h */
| #define PACKAGE_NAME "GStreamer OpenGL Plug-ins"
| #define PACKAGE_TARNAME "gst-plugins-egl"
| #define PACKAGE_VERSION "0.10.2"
| #define PACKAGE_STRING "GStreamer OpenGL Plug-ins 0.10.2"
| #define PACKAGE_BUGREPORT "http://bugzilla.gnome.org/enter_bug.cgi?product=GStreamer"
| #define PACKAGE_URL ""
| #define PACKAGE "gst-plugins-egl"
| #define VERSION "0.10.2"
| #define STDC_HEADERS 1
| #define HAVE_SYS_TYPES_H 1
| #define HAVE_SYS_STAT_H 1
| #define HAVE_STDLIB_H 1
| #define HAVE_STRING_H 1
| #define HAVE_MEMORY_H 1
| #define HAVE_STRINGS_H 1
| #define HAVE_INTTYPES_H 1
| #define HAVE_STDINT_H 1
| #define HAVE_UNISTD_H 1
| #define HAVE_DLFCN_H 1
| #define LT_OBJDIR ".libs/"
| /* end confdefs.h.  */
| #include <CoreFoundation/CFPreferences.h>
| int
| main ()
| {
| CFPreferencesCopyAppValue(NULL, NULL)
|   ;
|   return 0;
| }
configure:13011: result: no
configure:13018: checking for CFLocaleCopyCurrent
configure:13036: gcc -o conftest -g -O2  -Wl,-z,defs conftest.c  -Wl,-framework -Wl,CoreFoundation >&5
conftest.c:23:37: fatal error: CoreFoundation/CFLocale.h: No such file or directory
compilation terminated.
configure:13036: $? = 1
configure: failed program was:
| /* confdefs.h */
| #define PACKAGE_NAME "GStreamer OpenGL Plug-ins"
| #define PACKAGE_TARNAME "gst-plugins-egl"
| #define PACKAGE_VERSION "0.10.2"
| #define PACKAGE_STRING "GStreamer OpenGL Plug-ins 0.10.2"
| #define PACKAGE_BUGREPORT "http://bugzilla.gnome.org/enter_bug.cgi?product=GStreamer"
| #define PACKAGE_URL ""
| #define PACKAGE "gst-plugins-egl"
| #define VERSION "0.10.2"
| #define STDC_HEADERS 1
| #define HAVE_SYS_TYPES_H 1
| #define HAVE_SYS_STAT_H 1
| #define HAVE_STDLIB_H 1
| #define HAVE_STRING_H 1
| #define HAVE_MEMORY_H 1
| #define HAVE_STRINGS_H 1
| #define HAVE_INTTYPES_H 1
| #define HAVE_STDINT_H 1
| #define HAVE_UNISTD_H 1
| #define HAVE_DLFCN_H 1
| #define LT_OBJDIR ".libs/"
| /* end confdefs.h.  */
| #include <CoreFoundation/CFLocale.h>
| int
| main ()
| {
| CFLocaleCopyCurrent();
|   ;
|   return 0;
| }
configure:13045: result: no
configure:13094: checking for GNU gettext in libc
configure:13114: gcc -o conftest -g -O2  -Wl,-z,defs conftest.c  >&5
configure:13114: $? = 0
configure:13123: result: yes
configure:13869: checking whether to use NLS
configure:13871: result: yes
configure:13874: checking where the gettext function comes from
configure:13885: result: libc
configure:14068: checking for pkg-config
configure:14086: found /usr/bin/pkg-config
configure:14098: result: /usr/bin/pkg-config
configure:14123: checking pkg-config is at least version 0.9.0
configure:14126: result: yes
configure:14152: checking for VALGRIND
configure:14160: $PKG_CONFIG --exists --print-errors "valgrind >= $VALGRIND_REQ"
Package valgrind was not found in the pkg-config search path.
Perhaps you should add the directory containing `valgrind.pc'
to the PKG_CONFIG_PATH environment variable
No package 'valgrind' found
configure:14163: $? = 1
configure:14178: $PKG_CONFIG --exists --print-errors "valgrind >= $VALGRIND_REQ"
Package valgrind was not found in the pkg-config search path.
Perhaps you should add the directory containing `valgrind.pc'
to the PKG_CONFIG_PATH environment variable
No package 'valgrind' found
configure:14181: $? = 1
No package 'valgrind' found
configure:14209: result: no
configure:14213: result: no
configure:14430: Using GStreamer OpenGL Plug-ins source release as package name
configure:14454: Using Unknown package origin as package origin
configure:14485: checking size of void *
configure:14490: gcc -o conftest -g -O2  -Wl,-z,defs conftest.c  >&5
configure:14490: $? = 0
configure:14490: ./conftest
configure:14490: $? = 0
configure:14504: result: 4
configure:14632: checking whether byte ordering is bigendian
configure:14647: gcc -c -g -O2  conftest.c >&5
conftest.c:33:13: error: expected '=', ',', ';', 'asm' or '__attribute__' before 'a'
configure:14647: $? = 1
configure: failed program was:
| /* confdefs.h */
| #define PACKAGE_NAME "GStreamer OpenGL Plug-ins"
| #define PACKAGE_TARNAME "gst-plugins-egl"
| #define PACKAGE_VERSION "0.10.2"
| #define PACKAGE_STRING "GStreamer OpenGL Plug-ins 0.10.2"
| #define PACKAGE_BUGREPORT "http://bugzilla.gnome.org/enter_bug.cgi?product=GStreamer"
| #define PACKAGE_URL ""
| #define PACKAGE "gst-plugins-egl"
| #define VERSION "0.10.2"
| #define STDC_HEADERS 1
| #define HAVE_SYS_TYPES_H 1
| #define HAVE_SYS_STAT_H 1
| #define HAVE_STDLIB_H 1
| #define HAVE_STRING_H 1
| #define HAVE_MEMORY_H 1
| #define HAVE_STRINGS_H 1
| #define HAVE_INTTYPES_H 1
| #define HAVE_STDINT_H 1
| #define HAVE_UNISTD_H 1
| #define HAVE_DLFCN_H 1
| #define LT_OBJDIR ".libs/"
| #define ENABLE_NLS 1
| #define HAVE_GETTEXT 1
| #define HAVE_DCGETTEXT 1
| #define GETTEXT_PACKAGE "gst-plugins-egl-0.10"
| #define LOCALEDIR "/usr/share/locale"
| #define GST_PACKAGE_NAME "GStreamer OpenGL Plug-ins source release"
| #define GST_PACKAGE_ORIGIN "Unknown package origin"
| #define SIZEOF_VOID_P 4
| #define HAVE_CPU_ARM 1
| /* end confdefs.h.  */
| #ifndef __APPLE_CC__
| 	       not a universal capable compiler
| 	     #endif
| 	     typedef int dummy;
| 
configure:14692: gcc -c -g -O2  conftest.c >&5
configure:14692: $? = 0
configure:14710: gcc -c -g -O2  conftest.c >&5
conftest.c: In function 'main':
conftest.c:39:4: error: 'not' undeclared (first use in this function)
conftest.c:39:4: note: each undeclared identifier is reported only once for each function it appears in
conftest.c:39:8: error: expected ';' before 'big'
configure:14710: $? = 1
configure: failed program was:
| /* confdefs.h */
| #define PACKAGE_NAME "GStreamer OpenGL Plug-ins"
| #define PACKAGE_TARNAME "gst-plugins-egl"
| #define PACKAGE_VERSION "0.10.2"
| #define PACKAGE_STRING "GStreamer OpenGL Plug-ins 0.10.2"
| #define PACKAGE_BUGREPORT "http://bugzilla.gnome.org/enter_bug.cgi?product=GStreamer"
| #define PACKAGE_URL ""
| #define PACKAGE "gst-plugins-egl"
| #define VERSION "0.10.2"
| #define STDC_HEADERS 1
| #define HAVE_SYS_TYPES_H 1
| #define HAVE_SYS_STAT_H 1
| #define HAVE_STDLIB_H 1
| #define HAVE_STRING_H 1
| #define HAVE_MEMORY_H 1
| #define HAVE_STRINGS_H 1
| #define HAVE_INTTYPES_H 1
| #define HAVE_STDINT_H 1
| #define HAVE_UNISTD_H 1
| #define HAVE_DLFCN_H 1
| #define LT_OBJDIR ".libs/"
| #define ENABLE_NLS 1
| #define HAVE_GETTEXT 1
| #define HAVE_DCGETTEXT 1
| #define GETTEXT_PACKAGE "gst-plugins-egl-0.10"
| #define LOCALEDIR "/usr/share/locale"
| #define GST_PACKAGE_NAME "GStreamer OpenGL Plug-ins source release"
| #define GST_PACKAGE_ORIGIN "Unknown package origin"
| #define SIZEOF_VOID_P 4
| #define HAVE_CPU_ARM 1
| /* end confdefs.h.  */
| #include <sys/types.h>
| 		#include <sys/param.h>
| 
| int
| main ()
| {
| #if BYTE_ORDER != BIG_ENDIAN
| 		 not big endian
| 		#endif
| 
|   ;
|   return 0;
| }
configure:14838: result: no
configure:14984: checking for special C compiler options needed for large files
configure:15029: result: no
configure:15035: checking for _FILE_OFFSET_BITS value needed for large files
configure:15060: gcc -c -g -O2  conftest.c >&5
conftest.c:39:3: warning: left shift count >= width of type
conftest.c:39:3: warning: left shift count >= width of type
conftest.c:40:10: warning: left shift count >= width of type
conftest.c:40:10: warning: left shift count >= width of type
conftest.c:39:7: error: size of array 'off_t_is_large' is negative
conftest.c:41:9: warning: variably modified 'off_t_is_large' at file scope
configure:15060: $? = 1
configure: failed program was:
| /* confdefs.h */
| #define PACKAGE_NAME "GStreamer OpenGL Plug-ins"
| #define PACKAGE_TARNAME "gst-plugins-egl"
| #define PACKAGE_VERSION "0.10.2"
| #define PACKAGE_STRING "GStreamer OpenGL Plug-ins 0.10.2"
| #define PACKAGE_BUGREPORT "http://bugzilla.gnome.org/enter_bug.cgi?product=GStreamer"
| #define PACKAGE_URL ""
| #define PACKAGE "gst-plugins-egl"
| #define VERSION "0.10.2"
| #define STDC_HEADERS 1
| #define HAVE_SYS_TYPES_H 1
| #define HAVE_SYS_STAT_H 1
| #define HAVE_STDLIB_H 1
| #define HAVE_STRING_H 1
| #define HAVE_MEMORY_H 1
| #define HAVE_STRINGS_H 1
| #define HAVE_INTTYPES_H 1
| #define HAVE_STDINT_H 1
| #define HAVE_UNISTD_H 1
| #define HAVE_DLFCN_H 1
| #define LT_OBJDIR ".libs/"
| #define ENABLE_NLS 1
| #define HAVE_GETTEXT 1
| #define HAVE_DCGETTEXT 1
| #define GETTEXT_PACKAGE "gst-plugins-egl-0.10"
| #define LOCALEDIR "/usr/share/locale"
| #define GST_PACKAGE_NAME "GStreamer OpenGL Plug-ins source release"
| #define GST_PACKAGE_ORIGIN "Unknown package origin"
| #define SIZEOF_VOID_P 4
| #define HAVE_CPU_ARM 1
| #define HOST_CPU "arm"
| /* end confdefs.h.  */
| #include <sys/types.h>
|  /* Check that off_t can represent 2**63 - 1 correctly.
|     We can't simply define LARGE_OFF_T to be 9223372036854775807,
|     since some C++ compilers masquerading as C compilers
|     incorrectly reject 9223372036854775807.  */
| #define LARGE_OFF_T (((off_t) 1 << 62) - 1 + ((off_t) 1 << 62))
|   int off_t_is_large[(LARGE_OFF_T % 2147483629 == 721
| 		       && LARGE_OFF_T % 2147483647 == 1)
| 		      ? 1 : -1];
| int
| main ()
| {
| 
|   ;
|   return 0;
| }
configure:15084: gcc -c -g -O2  conftest.c >&5
configure:15084: $? = 0
configure:15092: result: 64
configure:15225: checking for gcc
configure:15252: result: gcc
configure:15481: checking for C compiler version
configure:15490: gcc --version >&5
gcc (Ubuntu/Linaro 4.5.1-7ubuntu2) 4.5.1
Copyright (C) 2010 Free Software Foundation, Inc.
This is free software; see the source for copying conditions.  There is NO
warranty; not even for MERCHANTABILITY or FITNESS FOR A PARTICULAR PURPOSE.

configure:15501: $? = 0
configure:15490: gcc -v >&5
Using built-in specs.
COLLECT_GCC=/usr/bin/gcc
COLLECT_LTO_WRAPPER=/usr/lib/gcc/arm-linux-gnueabi/4.5.1/lto-wrapper
Target: arm-linux-gnueabi
Configured with: ../src/configure -v --with-pkgversion='Ubuntu/Linaro 4.5.1-7ubuntu2' --with-bugurl=file:///usr/share/doc/gcc-4.5/README.Bugs --enable-languages=c,c++,fortran,objc,obj-c++ --prefix=/usr --program-suffix=-4.5 --enable-shared --enable-multiarch --enable-linker-build-id --with-system-zlib --libexecdir=/usr/lib --without-included-gettext --enable-threads=posix --with-gxx-include-dir=/usr/include/c++/4.5 --libdir=/usr/lib --enable-nls --with-sysroot=/ --enable-clocale=gnu --enable-libstdcxx-debug --enable-libstdcxx-time=yes --enable-plugin --enable-objc-gc --disable-sjlj-exceptions --with-arch=armv7-a --with-float=softfp --with-fpu=vfpv3-d16 --with-mode=thumb --disable-werror --enable-checking=release --build=arm-linux-gnueabi --host=arm-linux-gnueabi --target=arm-linux-gnueabi
Thread model: posix
gcc version 4.5.1 (Ubuntu/Linaro 4.5.1-7ubuntu2) 
configure:15501: $? = 0
configure:15490: gcc -V >&5
gcc: '-V' option must have argument
configure:15501: $? = 1
configure:15490: gcc -qversion >&5
gcc: unrecognized option '-qversion'
gcc: no input files
configure:15501: $? = 1
configure:15505: checking whether we are using the GNU C compiler
configure:15533: result: yes
configure:15542: checking whether gcc accepts -g
configure:15603: result: yes
configure:15620: checking for gcc option to accept ISO C89
configure:15697: result: none needed
configure:15719: checking dependency style of gcc
configure:15829: result: gcc3
configure:15848: checking for gcc option to accept ISO C99
configure:15997: gcc  -c -g -O2  conftest.c >&5
conftest.c:84:29: error: expected ';', ',' or ')' before 'text'
conftest.c: In function 'main':
conftest.c:138:18: error: expected '=', ',', ';', 'asm' or '__attribute__' before 'newvar'
conftest.c:138:18: error: 'newvar' undeclared (first use in this function)
conftest.c:138:18: note: each undeclared identifier is reported only once for each function it appears in
conftest.c:148:3: error: 'for' loop initial declarations are only allowed in C99 mode
conftest.c:148:3: note: use option -std=c99 or -std=gnu99 to compile your code
configure:15997: $? = 1
configure: failed program was:
| /* confdefs.h */
| #define PACKAGE_NAME "GStreamer OpenGL Plug-ins"
| #define PACKAGE_TARNAME "gst-plugins-egl"
| #define PACKAGE_VERSION "0.10.2"
| #define PACKAGE_STRING "GStreamer OpenGL Plug-ins 0.10.2"
| #define PACKAGE_BUGREPORT "http://bugzilla.gnome.org/enter_bug.cgi?product=GStreamer"
| #define PACKAGE_URL ""
| #define PACKAGE "gst-plugins-egl"
| #define VERSION "0.10.2"
| #define STDC_HEADERS 1
| #define HAVE_SYS_TYPES_H 1
| #define HAVE_SYS_STAT_H 1
| #define HAVE_STDLIB_H 1
| #define HAVE_STRING_H 1
| #define HAVE_MEMORY_H 1
| #define HAVE_STRINGS_H 1
| #define HAVE_INTTYPES_H 1
| #define HAVE_STDINT_H 1
| #define HAVE_UNISTD_H 1
| #define HAVE_DLFCN_H 1
| #define LT_OBJDIR ".libs/"
| #define ENABLE_NLS 1
| #define HAVE_GETTEXT 1
| #define HAVE_DCGETTEXT 1
| #define GETTEXT_PACKAGE "gst-plugins-egl-0.10"
| #define LOCALEDIR "/usr/share/locale"
| #define GST_PACKAGE_NAME "GStreamer OpenGL Plug-ins source release"
| #define GST_PACKAGE_ORIGIN "Unknown package origin"
| #define SIZEOF_VOID_P 4
| #define HAVE_CPU_ARM 1
| #define HOST_CPU "arm"
| #define _FILE_OFFSET_BITS 64
| /* end confdefs.h.  */
| #include <stdarg.h>
| #include <stdbool.h>
| #include <stdlib.h>
| #include <wchar.h>
| #include <stdio.h>
| 
| // Check varargs macros.  These examples are taken from C99 6.10.3.5.
| #define debug(...) fprintf (stderr, __VA_ARGS__)
| #define showlist(...) puts (#__VA_ARGS__)
| #define report(test,...) ((test) ? puts (#test) : printf (__VA_ARGS__))
| static void
| test_varargs_macros (void)
| {
|   int x = 1234;
|   int y = 5678;
|   debug ("Flag");
|   debug ("X = %d\n", x);
|   showlist (The first, second, and third items.);
|   report (x>y, "x is %d but y is %d", x, y);
| }
| 
| // Check long long types.
| #define BIG64 18446744073709551615ull
| #define BIG32 4294967295ul
| #define BIG_OK (BIG64 / BIG32 == 4294967297ull && BIG64 % BIG32 == 0)
| #if !BIG_OK
|   your preprocessor is broken;
| #endif
| #if BIG_OK
| #else
|   your preprocessor is broken;
| #endif
| static long long int bignum = -9223372036854775807LL;
| static unsigned long long int ubignum = BIG64;
| 
| struct incomplete_array
| {
|   int datasize;
|   double data[];
| };
| 
| struct named_init {
|   int number;
|   const wchar_t *name;
|   double average;
| };
| 
| typedef const char *ccp;
| 
| static inline int
| test_restrict (ccp restrict text)
| {
|   // See if C++-style comments work.
|   // Iterate through items via the restricted pointer.
|   // Also check for declarations in for loops.
|   for (unsigned int i = 0; *(text+i) != '\0'; ++i)
|     continue;
|   return 0;
| }
| 
| // Check varargs and va_copy.
| static void
| test_varargs (const char *format, ...)
| {
|   va_list args;
|   va_start (args, format);
|   va_list args_copy;
|   va_copy (args_copy, args);
| 
|   const char *str;
|   int number;
|   float fnumber;
| 
|   while (*format)
|     {
|       switch (*format++)
| 	{
| 	case 's': // string
| 	  str = va_arg (args_copy, const char *);
| 	  break;
| 	case 'd': // int
| 	  number = va_arg (args_copy, int);
| 	  break;
| 	case 'f': // float
| 	  fnumber = va_arg (args_copy, double);
| 	  break;
| 	default:
| 	  break;
| 	}
|     }
|   va_end (args_copy);
|   va_end (args);
| }
| 
| int
| main ()
| {
| 
|   // Check bool.
|   _Bool success = false;
| 
|   // Check restrict.
|   if (test_restrict ("String literal") == 0)
|     success = true;
|   char *restrict newvar = "Another string";
| 
|   // Check varargs.
|   test_varargs ("s, d' f .", "string", 65, 34.234);
|   test_varargs_macros ();
| 
|   // Check flexible array members.
|   struct incomplete_array *ia =
|     malloc (sizeof (struct incomplete_array) + (sizeof (double) * 10));
|   ia->datasize = 10;
|   for (int i = 0; i < ia->datasize; ++i)
|     ia->data[i] = i * 1.234;
| 
|   // Check named initializers.
|   struct named_init ni = {
|     .number = 34,
|     .name = L"Test wide string",
|     .average = 543.34343,
|   };
| 
|   ni.number = 58;
| 
|   int dynamic_array[ni.number];
|   dynamic_array[ni.number - 1] = 543;
| 
|   // work around unused variable warnings
|   return (!success || bignum == 0LL || ubignum == 0uLL || newvar[0] == 'x'
| 	  || dynamic_array[ni.number - 1] != 543);
| 
|   ;
|   return 0;
| }
configure:15997: gcc -std=gnu99 -c -g -O2  conftest.c >&5
configure:15997: $? = 0
configure:16017: result: -std=gnu99
configure:16119: checking for gcc -std=gnu99 option to accept ISO Standard C
configure:16133: result: -std=gnu99
configure:16195: checking for g++
configure:16211: found /usr/local/bin/g++
configure:16222: result: g++
configure:16249: checking for C++ compiler version
configure:16258: g++ --version >&5
g++ (Ubuntu/Linaro 4.5.1-7ubuntu2) 4.5.1
Copyright (C) 2010 Free Software Foundation, Inc.
This is free software; see the source for copying conditions.  There is NO
warranty; not even for MERCHANTABILITY or FITNESS FOR A PARTICULAR PURPOSE.

configure:16269: $? = 0
configure:16258: g++ -v >&5
Using built-in specs.
COLLECT_GCC=/usr/bin/g++
COLLECT_LTO_WRAPPER=/usr/lib/gcc/arm-linux-gnueabi/4.5.1/lto-wrapper
Target: arm-linux-gnueabi
Configured with: ../src/configure -v --with-pkgversion='Ubuntu/Linaro 4.5.1-7ubuntu2' --with-bugurl=file:///usr/share/doc/gcc-4.5/README.Bugs --enable-languages=c,c++,fortran,objc,obj-c++ --prefix=/usr --program-suffix=-4.5 --enable-shared --enable-multiarch --enable-linker-build-id --with-system-zlib --libexecdir=/usr/lib --without-included-gettext --enable-threads=posix --with-gxx-include-dir=/usr/include/c++/4.5 --libdir=/usr/lib --enable-nls --with-sysroot=/ --enable-clocale=gnu --enable-libstdcxx-debug --enable-libstdcxx-time=yes --enable-plugin --enable-objc-gc --disable-sjlj-exceptions --with-arch=armv7-a --with-float=softfp --with-fpu=vfpv3-d16 --with-mode=thumb --disable-werror --enable-checking=release --build=arm-linux-gnueabi --host=arm-linux-gnueabi --target=arm-linux-gnueabi
Thread model: posix
gcc version 4.5.1 (Ubuntu/Linaro 4.5.1-7ubuntu2) 
configure:16269: $? = 0
configure:16258: g++ -V >&5
g++: '-V' option must have argument
configure:16269: $? = 1
configure:16258: g++ -qversion >&5
g++: unrecognized option '-qversion'
g++: no input files
configure:16269: $? = 1
configure:16273: checking whether we are using the GNU C++ compiler
configure:16292: g++ -c -g -O2  conftest.cpp >&5
configure:16292: $? = 0
configure:16301: result: yes
configure:16310: checking whether g++ accepts -g
configure:16330: g++ -c -g  conftest.cpp >&5
configure:16330: $? = 0
configure:16371: result: yes
configure:16396: checking dependency style of g++
configure:16506: result: gcc3
configure:16634: checking for C++ compiler version
configure:16643: g++ --version >&5
g++ (Ubuntu/Linaro 4.5.1-7ubuntu2) 4.5.1
Copyright (C) 2010 Free Software Foundation, Inc.
This is free software; see the source for copying conditions.  There is NO
warranty; not even for MERCHANTABILITY or FITNESS FOR A PARTICULAR PURPOSE.

configure:16654: $? = 0
configure:16643: g++ -v >&5
Using built-in specs.
COLLECT_GCC=/usr/bin/g++
COLLECT_LTO_WRAPPER=/usr/lib/gcc/arm-linux-gnueabi/4.5.1/lto-wrapper
Target: arm-linux-gnueabi
Configured with: ../src/configure -v --with-pkgversion='Ubuntu/Linaro 4.5.1-7ubuntu2' --with-bugurl=file:///usr/share/doc/gcc-4.5/README.Bugs --enable-languages=c,c++,fortran,objc,obj-c++ --prefix=/usr --program-suffix=-4.5 --enable-shared --enable-multiarch --enable-linker-build-id --with-system-zlib --libexecdir=/usr/lib --without-included-gettext --enable-threads=posix --with-gxx-include-dir=/usr/include/c++/4.5 --libdir=/usr/lib --enable-nls --with-sysroot=/ --enable-clocale=gnu --enable-libstdcxx-debug --enable-libstdcxx-time=yes --enable-plugin --enable-objc-gc --disable-sjlj-exceptions --with-arch=armv7-a --with-float=softfp --with-fpu=vfpv3-d16 --with-mode=thumb --disable-werror --enable-checking=release --build=arm-linux-gnueabi --host=arm-linux-gnueabi --target=arm-linux-gnueabi
Thread model: posix
gcc version 4.5.1 (Ubuntu/Linaro 4.5.1-7ubuntu2) 
configure:16654: $? = 0
configure:16643: g++ -V >&5
g++: '-V' option must have argument
configure:16654: $? = 1
configure:16643: g++ -qversion >&5
g++: unrecognized option '-qversion'
g++: no input files
configure:16654: $? = 1
configure:16658: checking whether we are using the GNU C++ compiler
configure:16686: result: yes
configure:16695: checking whether g++ accepts -g
configure:16756: result: yes
configure:16781: checking dependency style of g++
configure:16891: result: gcc3
configure:16914: checking how to run the C++ preprocessor
configure:16941: g++ -E  conftest.cpp
configure:16941: $? = 0
configure:16955: g++ -E  conftest.cpp
conftest.cpp:34:28: fatal error: ac_nonexistent.h: No such file or directory
compilation terminated.
configure:16955: $? = 1
configure: failed program was:
| /* confdefs.h */
| #define PACKAGE_NAME "GStreamer OpenGL Plug-ins"
| #define PACKAGE_TARNAME "gst-plugins-egl"
| #define PACKAGE_VERSION "0.10.2"
| #define PACKAGE_STRING "GStreamer OpenGL Plug-ins 0.10.2"
| #define PACKAGE_BUGREPORT "http://bugzilla.gnome.org/enter_bug.cgi?product=GStreamer"
| #define PACKAGE_URL ""
| #define PACKAGE "gst-plugins-egl"
| #define VERSION "0.10.2"
| #define STDC_HEADERS 1
| #define HAVE_SYS_TYPES_H 1
| #define HAVE_SYS_STAT_H 1
| #define HAVE_STDLIB_H 1
| #define HAVE_STRING_H 1
| #define HAVE_MEMORY_H 1
| #define HAVE_STRINGS_H 1
| #define HAVE_INTTYPES_H 1
| #define HAVE_STDINT_H 1
| #define HAVE_UNISTD_H 1
| #define HAVE_DLFCN_H 1
| #define LT_OBJDIR ".libs/"
| #define ENABLE_NLS 1
| #define HAVE_GETTEXT 1
| #define HAVE_DCGETTEXT 1
| #define GETTEXT_PACKAGE "gst-plugins-egl-0.10"
| #define LOCALEDIR "/usr/share/locale"
| #define GST_PACKAGE_NAME "GStreamer OpenGL Plug-ins source release"
| #define GST_PACKAGE_ORIGIN "Unknown package origin"
| #define SIZEOF_VOID_P 4
| #define HAVE_CPU_ARM 1
| #define HOST_CPU "arm"
| #define _FILE_OFFSET_BITS 64
| /* end confdefs.h.  */
| #include <ac_nonexistent.h>
configure:16980: result: g++ -E
configure:17000: g++ -E  conftest.cpp
configure:17000: $? = 0
configure:17014: g++ -E  conftest.cpp
conftest.cpp:34:28: fatal error: ac_nonexistent.h: No such file or directory
compilation terminated.
configure:17014: $? = 1
configure: failed program was:
| /* confdefs.h */
| #define PACKAGE_NAME "GStreamer OpenGL Plug-ins"
| #define PACKAGE_TARNAME "gst-plugins-egl"
| #define PACKAGE_VERSION "0.10.2"
| #define PACKAGE_STRING "GStreamer OpenGL Plug-ins 0.10.2"
| #define PACKAGE_BUGREPORT "http://bugzilla.gnome.org/enter_bug.cgi?product=GStreamer"
| #define PACKAGE_URL ""
| #define PACKAGE "gst-plugins-egl"
| #define VERSION "0.10.2"
| #define STDC_HEADERS 1
| #define HAVE_SYS_TYPES_H 1
| #define HAVE_SYS_STAT_H 1
| #define HAVE_STDLIB_H 1
| #define HAVE_STRING_H 1
| #define HAVE_MEMORY_H 1
| #define HAVE_STRINGS_H 1
| #define HAVE_INTTYPES_H 1
| #define HAVE_STDINT_H 1
| #define HAVE_UNISTD_H 1
| #define HAVE_DLFCN_H 1
| #define LT_OBJDIR ".libs/"
| #define ENABLE_NLS 1
| #define HAVE_GETTEXT 1
| #define HAVE_DCGETTEXT 1
| #define GETTEXT_PACKAGE "gst-plugins-egl-0.10"
| #define LOCALEDIR "/usr/share/locale"
| #define GST_PACKAGE_NAME "GStreamer OpenGL Plug-ins source release"
| #define GST_PACKAGE_ORIGIN "Unknown package origin"
| #define SIZEOF_VOID_P 4
| #define HAVE_CPU_ARM 1
| #define HOST_CPU "arm"
| #define _FILE_OFFSET_BITS 64
| /* end confdefs.h.  */
| #include <ac_nonexistent.h>
configure:17182: checking for ld used by g++
configure:17249: result: /usr/bin/ld
configure:17256: checking if the linker (/usr/bin/ld) is GNU ld
configure:17271: result: yes
configure:17326: checking whether the g++ linker (/usr/bin/ld) supports shared libraries
configure:18239: result: yes
configure:18267: g++ -c -g -O2  conftest.cpp >&5
configure:18270: $? = 0
configure:18452: checking for g++ option to produce PIC
configure:18769: result: -fPIC -DPIC
configure:18778: checking if g++ PIC flag -fPIC -DPIC works
configure:18796: g++ -c -g -O2  -fPIC -DPIC -DPIC conftest.cpp >&5
configure:18800: $? = 0
configure:18813: result: yes
configure:18834: checking if g++ static flag -static works
configure:18862: result: yes
configure:18874: checking if g++ supports -c -o file.o
configure:18895: g++ -c -g -O2  -o out/conftest2.o conftest.cpp >&5
configure:18899: $? = 0
configure:18921: result: yes
configure:18926: checking if g++ supports -c -o file.o
configure:18973: result: yes
configure:19003: checking whether the g++ linker (/usr/bin/ld) supports shared libraries
configure:19032: result: yes
configure:19169: checking dynamic linker characteristics
configure:19550: g++ -o conftest -g -O2  -Wl,-z,defs -Wl,-rpath -Wl,/foo conftest.cpp  >&5
configure:19550: $? = 0
configure:19780: result: GNU/Linux ld.so
configure:19831: checking how to hardcode library paths into programs
configure:19856: result: immediate
configure:19897: checking whether gcc -std=gnu99 and cc understand -c and -o together
configure:19928: gcc -std=gnu99 -c conftest.c -o conftest2.o >&5
configure:19932: $? = 0
configure:19938: gcc -std=gnu99 -c conftest.c -o conftest2.o >&5
configure:19942: $? = 0
configure:19953: cc -c conftest.c >&5
configure:19957: $? = 0
configure:19965: cc -c conftest.c -o conftest2.o >&5
configure:19969: $? = 0
configure:19975: cc -c conftest.c -o conftest2.o >&5
configure:19979: $? = 0
configure:19997: result: yes
configure:20025: checking for valgrind
configure:20056: result: no
configure:20177: checking whether to build gtk-doc documentation
configure:20179: result: no
configure:20186: checking for gtkdoc-check
configure:20204: found /usr/bin/gtkdoc-check
configure:20216: result: /usr/bin/gtkdoc-check
configure:20250: Looking for Python version >= 2.1
configure:20268: checking for python
configure:20286: found /usr/bin/python
configure:20298: result: /usr/bin/python
configure:20310: checking "/usr/bin/python":
configure:20312: result: okay
configure:20328: checking local Python configuration
configure:20365: result: looks good
configure:20373: checking whether to build plugin documentation
configure:20380: result: no (gtk-doc disabled or not available)
configure:20396: checking for strerror in -lcposix
configure:20421: gcc -std=gnu99 -o conftest -g -O2  -Wl,-z,defs conftest.c -lcposix   >&5
/usr/bin/ld: cannot find -lcposix
collect2: ld returned 1 exit status
configure:20421: $? = 1
configure: failed program was:
| /* confdefs.h */
| #define PACKAGE_NAME "GStreamer OpenGL Plug-ins"
| #define PACKAGE_TARNAME "gst-plugins-egl"
| #define PACKAGE_VERSION "0.10.2"
| #define PACKAGE_STRING "GStreamer OpenGL Plug-ins 0.10.2"
| #define PACKAGE_BUGREPORT "http://bugzilla.gnome.org/enter_bug.cgi?product=GStreamer"
| #define PACKAGE_URL ""
| #define PACKAGE "gst-plugins-egl"
| #define VERSION "0.10.2"
| #define STDC_HEADERS 1
| #define HAVE_SYS_TYPES_H 1
| #define HAVE_SYS_STAT_H 1
| #define HAVE_STDLIB_H 1
| #define HAVE_STRING_H 1
| #define HAVE_MEMORY_H 1
| #define HAVE_STRINGS_H 1
| #define HAVE_INTTYPES_H 1
| #define HAVE_STDINT_H 1
| #define HAVE_UNISTD_H 1
| #define HAVE_DLFCN_H 1
| #define LT_OBJDIR ".libs/"
| #define ENABLE_NLS 1
| #define HAVE_GETTEXT 1
| #define HAVE_DCGETTEXT 1
| #define GETTEXT_PACKAGE "gst-plugins-egl-0.10"
| #define LOCALEDIR "/usr/share/locale"
| #define GST_PACKAGE_NAME "GStreamer OpenGL Plug-ins source release"
| #define GST_PACKAGE_ORIGIN "Unknown package origin"
| #define SIZEOF_VOID_P 4
| #define HAVE_CPU_ARM 1
| #define HOST_CPU "arm"
| #define _FILE_OFFSET_BITS 64
| /* end confdefs.h.  */
| 
| /* Override any GCC internal prototype to avoid an error.
|    Use char because int might match the return type of a GCC
|    builtin and then its argument prototype would still apply.  */
| #ifdef __cplusplus
| extern "C"
| #endif
| char strerror ();
| int
| main ()
| {
| return strerror ();
|   ;
|   return 0;
| }
configure:20430: result: no
configure:20527: checking for cos in -lm
configure:20552: gcc -std=gnu99 -o conftest -g -O2  -Wl,-z,defs conftest.c -lm   >&5
conftest.c:41:6: warning: conflicting types for built-in function 'cos'
configure:20552: $? = 0
configure:20561: result: yes
configure:20574: checking for ANSI C header files
configure:20678: result: yes
configure:20690: checking for inline
configure:20706: gcc -std=gnu99 -c -g -O2  conftest.c >&5
configure:20706: $? = 0
configure:20714: result: inline
configure:20735: checking whether gcc -std=gnu99 implements __PRETTY_FUNCTION__
configure:20752: gcc -std=gnu99 -o conftest -g -O2  -Wl,-z,defs conftest.c  >&5
configure:20752: $? = 0
configure:20762: result: yes
configure:20770: checking whether gcc -std=gnu99 implements __FUNCTION__
configure:20787: gcc -std=gnu99 -o conftest -g -O2  -Wl,-z,defs conftest.c  >&5
configure:20787: $? = 0
configure:20797: result: yes
configure:20805: checking whether gcc -std=gnu99 implements __func__
configure:20822: gcc -std=gnu99 -o conftest -g -O2  -Wl,-z,defs conftest.c  >&5
configure:20822: $? = 0
configure:20832: result: yes
configure:20877: checking for GLIB
configure:20885: $PKG_CONFIG --exists --print-errors "$which"
configure:20888: $? = 0
configure:20903: $PKG_CONFIG --exists --print-errors "$which"
configure:20906: $? = 0
configure:20962: result: yes
configure:21017: checking for X
configure:21156: gcc -std=gnu99 -o conftest -g -O2  -Wl,-z,defs conftest.c -lX11  >&5
configure:21156: $? = 0
configure:21206: result: libraries , headers 
configure:21306: gcc -std=gnu99 -o conftest -g -O2  -Wl,-z,defs conftest.c   -lX11 >&5
configure:21306: $? = 0
configure:21404: checking for gethostbyname
configure:21404: gcc -std=gnu99 -o conftest -g -O2  -Wl,-z,defs conftest.c  >&5
configure:21404: $? = 0
configure:21404: result: yes
configure:21501: checking for connect
configure:21501: gcc -std=gnu99 -o conftest -g -O2  -Wl,-z,defs conftest.c  >&5
configure:21501: $? = 0
configure:21501: result: yes
configure:21550: checking for remove
configure:21550: gcc -std=gnu99 -o conftest -g -O2  -Wl,-z,defs conftest.c  >&5
configure:21550: $? = 0
configure:21550: result: yes
configure:21599: checking for shmat
configure:21599: gcc -std=gnu99 -o conftest -g -O2  -Wl,-z,defs conftest.c  >&5
configure:21599: $? = 0
configure:21599: result: yes
configure:21657: checking for IceConnectionNumber in -lICE
configure:21682: gcc -std=gnu99 -o conftest -g -O2  -Wl,-z,defs conftest.c -lICE   >&5
configure:21682: $? = 0
configure:21691: result: yes
configure:21706: checking X11/Xlib.h usability
configure:21706: gcc -std=gnu99 -c -g -O2    conftest.c >&5
configure:21706: $? = 0
configure:21706: result: yes
configure:21706: checking X11/Xlib.h presence
configure:21706: gcc -E   conftest.c
configure:21706: $? = 0
configure:21706: result: yes
configure:21706: checking for X11/Xlib.h
configure:21706: result: yes
configure:21737: checking EGL/egl.h usability
configure:21737: gcc -std=gnu99 -c -g -O2   conftest.c >&5
configure:21737: $? = 0
configure:21737: result: yes
configure:21737: checking EGL/egl.h presence
configure:21737: gcc -E   conftest.c
configure:21737: $? = 0
configure:21737: result: yes
configure:21737: checking for EGL/egl.h
configure:21737: result: yes
configure:21751: checking GL/gl.h usability
configure:21751: gcc -std=gnu99 -c -g -O2   conftest.c >&5
configure:21751: $? = 0
configure:21751: result: yes
configure:21751: checking GL/gl.h presence
configure:21751: gcc -E   conftest.c
configure:21751: $? = 0
configure:21751: result: yes
configure:21751: checking for GL/gl.h
configure:21751: result: yes
configure:21765: checking for eglGetError in -lEGL
configure:21790: gcc -std=gnu99 -o conftest -g -O2   -Wl,-z,defs conftest.c -lEGL     -lSM -lICE  -lX11 >&5
configure:21790: $? = 0
configure:21799: result: yes
configure:21808: checking for EGL/egl.h
configure:21808: result: yes
configure:21828: checking for glTexImage2D in -lGLESv2
configure:21853: gcc -std=gnu99 -o conftest -g -O2   -Wl,-z,defs conftest.c -lGLESv2     -lSM -lICE  -lX11 >&5
configure:21853: $? = 0
configure:21862: result: yes
configure:21871: checking GLES2/gl2.h usability
configure:21871: gcc -std=gnu99 -c -g -O2   conftest.c >&5
configure:21871: $? = 0
configure:21871: result: yes
configure:21871: checking GLES2/gl2.h presence
configure:21871: gcc -E   conftest.c
configure:21871: $? = 0
configure:21871: result: yes
configure:21871: checking for GLES2/gl2.h
configure:21871: result: yes
configure:22374: checking gst/fsl/gstbufmeta.h usability
configure:22374: gcc -std=gnu99 -c -g -O2 -pthread -I/usr/include/gstreamer-0.10 -I/usr/include/glib-2.0 -I/usr/lib/glib-2.0/include -I/usr/include/libxml2   conftest.c >&5
configure:22374: $? = 0
configure:22374: result: yes
configure:22374: checking gst/fsl/gstbufmeta.h presence
configure:22374: gcc -E -pthread -I/usr/include/gstreamer-0.10 -I/usr/include/glib-2.0 -I/usr/lib/glib-2.0/include -I/usr/include/libxml2   conftest.c
configure:22374: $? = 0
configure:22374: result: yes
configure:22374: checking for gst/fsl/gstbufmeta.h
configure:22374: result: yes
configure:22455: checking for GST
configure:22463: $PKG_CONFIG --exists --print-errors "$module >= $minver"
configure:22466: $? = 0
configure:22481: $PKG_CONFIG --exists --print-errors "$module >= $minver"
configure:22484: $? = 0
configure:22544: result: yes
configure:22558: using GStreamer tools in /usr/bin
configure:22568: using GStreamer plug-ins in /usr/lib/gstreamer-0.10
configure:22580: checking for GST_BASE
configure:22588: $PKG_CONFIG --exists --print-errors "$module >= $minver"
configure:22591: $? = 0
configure:22606: $PKG_CONFIG --exists --print-errors "$module >= $minver"
configure:22609: $? = 0
configure:22669: result: yes
configure:22686: checking for GST_GDP
configure:22694: $PKG_CONFIG --exists --print-errors "$module >= $minver"
configure:22697: $? = 0
configure:22712: $PKG_CONFIG --exists --print-errors "$module >= $minver"
configure:22715: $? = 0
configure:22775: result: yes
configure:22792: checking for GST_CONTROLLER
configure:22800: $PKG_CONFIG --exists --print-errors "$module >= $minver"
configure:22803: $? = 0
configure:22818: $PKG_CONFIG --exists --print-errors "$module >= $minver"
configure:22821: $? = 0
configure:22881: result: yes
configure:22898: checking for GST_CHECK
configure:22906: $PKG_CONFIG --exists --print-errors "$module >= $minver"
configure:22909: $? = 0
configure:22924: $PKG_CONFIG --exists --print-errors "$module >= $minver"
configure:22927: $? = 0
configure:22987: result: yes
configure:23004: checking for GST_PLUGINS_BASE
configure:23012: $PKG_CONFIG --exists --print-errors "$module >= $minver"
configure:23015: $? = 0
configure:23030: $PKG_CONFIG --exists --print-errors "$module >= $minver"
configure:23033: $? = 0
configure:23093: result: yes
configure:23108: using GStreamer Base Plugins in /usr/lib/gstreamer-0.10
configure:23131: checking for LIBPNG
configure:23139: $PKG_CONFIG --exists --print-errors "libpng >= 1.0"
configure:23142: $? = 0
configure:23157: $PKG_CONFIG --exists --print-errors "libpng >= 1.0"
configure:23160: $? = 0
configure:23196: result: yes
configure:23210: checking for GTK2
configure:23218: $PKG_CONFIG --exists --print-errors "gtk+-2.0 >= 2.2.0"
configure:23221: $? = 0
configure:23236: $PKG_CONFIG --exists --print-errors "gtk+-2.0 >= 2.2.0"
configure:23239: $? = 0
configure:23275: result: yes
configure:23389: checking for CLUTTER
configure:23397: $PKG_CONFIG --exists --print-errors "clutter-0.8 >= 0.8.0"
Package clutter-0.8 was not found in the pkg-config search path.
Perhaps you should add the directory containing `clutter-0.8.pc'
to the PKG_CONFIG_PATH environment variable
No package 'clutter-0.8' found
configure:23400: $? = 1
configure:23415: $PKG_CONFIG --exists --print-errors "clutter-0.8 >= 0.8.0"
Package clutter-0.8 was not found in the pkg-config search path.
Perhaps you should add the directory containing `clutter-0.8.pc'
to the PKG_CONFIG_PATH environment variable
No package 'clutter-0.8' found
configure:23418: $? = 1
No package 'clutter-0.8' found
configure:23446: result: no
configure:23473: checking for CLUTTER
configure:23481: $PKG_CONFIG --exists --print-errors "clutter-0.8 >= 0.8.6"
Package clutter-0.8 was not found in the pkg-config search path.
Perhaps you should add the directory containing `clutter-0.8.pc'
to the PKG_CONFIG_PATH environment variable
No package 'clutter-0.8' found
configure:23484: $? = 1
configure:23499: $PKG_CONFIG --exists --print-errors "clutter-0.8 >= 0.8.6"
Package clutter-0.8 was not found in the pkg-config search path.
Perhaps you should add the directory containing `clutter-0.8.pc'
to the PKG_CONFIG_PATH environment variable
No package 'clutter-0.8' found
configure:23502: $? = 1
No package 'clutter-0.8' found
configure:23530: result: no
configure:23555: checking for CLUTTER_GLX
configure:23563: $PKG_CONFIG --exists --print-errors "clutter-glx-0.8 >= 0.8.0"
Package clutter-glx-0.8 was not found in the pkg-config search path.
Perhaps you should add the directory containing `clutter-glx-0.8.pc'
to the PKG_CONFIG_PATH environment variable
No package 'clutter-glx-0.8' found
configure:23566: $? = 1
configure:23581: $PKG_CONFIG --exists --print-errors "clutter-glx-0.8 >= 0.8.0"
Package clutter-glx-0.8 was not found in the pkg-config search path.
Perhaps you should add the directory containing `clutter-glx-0.8.pc'
to the PKG_CONFIG_PATH environment variable
No package 'clutter-glx-0.8' found
configure:23584: $? = 1
No package 'clutter-glx-0.8' found
configure:23612: result: no
configure:23639: checking for CLUTTER_X11
configure:23647: $PKG_CONFIG --exists --print-errors "clutter-x11-0.8 >= 0.8.0"
Package clutter-x11-0.8 was not found in the pkg-config search path.
Perhaps you should add the directory containing `clutter-x11-0.8.pc'
to the PKG_CONFIG_PATH environment variable
No package 'clutter-x11-0.8' found
configure:23650: $? = 1
configure:23665: $PKG_CONFIG --exists --print-errors "clutter-x11-0.8 >= 0.8.0"
Package clutter-x11-0.8 was not found in the pkg-config search path.
Perhaps you should add the directory containing `clutter-x11-0.8.pc'
to the PKG_CONFIG_PATH environment variable
No package 'clutter-x11-0.8' found
configure:23668: $? = 1
No package 'clutter-x11-0.8' found
configure:23696: result: no
configure:23722: checking for XCOMPOSITE
configure:23730: $PKG_CONFIG --exists --print-errors "xcomposite"
configure:23733: $? = 0
configure:23748: $PKG_CONFIG --exists --print-errors "xcomposite"
configure:23751: $? = 0
configure:23787: result: yes
configure:23805: checking for SDL
configure:23813: $PKG_CONFIG --exists --print-errors "sdl >= 1.2.0"
Package sdl was not found in the pkg-config search path.
Perhaps you should add the directory containing `sdl.pc'
to the PKG_CONFIG_PATH environment variable
No package 'sdl' found
configure:23816: $? = 1
configure:23831: $PKG_CONFIG --exists --print-errors "sdl >= 1.2.0"
Package sdl was not found in the pkg-config search path.
Perhaps you should add the directory containing `sdl.pc'
to the PKG_CONFIG_PATH environment variable
No package 'sdl' found
configure:23834: $? = 1
No package 'sdl' found
configure:23862: result: no
configure:23930: Using /usr/lib/gstreamer-0.10 as the plugin install location
configure:23945: checking to see if compiler understands -Wall
configure:23962: gcc -std=gnu99 -c -g -O2 -Wall  conftest.c >&5
configure:23962: $? = 0
configure:23977: result: yes
configure:23982: checking to see if compiler understands -Wdeclaration-after-statement
configure:23999: gcc -std=gnu99 -c -g -O2 -Wdeclaration-after-statement  conftest.c >&5
configure:23999: $? = 0
configure:24014: result: yes
configure:24019: checking to see if compiler understands -Wvla
configure:24036: gcc -std=gnu99 -c -g -O2 -Wvla  conftest.c >&5
configure:24036: $? = 0
configure:24051: result: yes
configure:24056: checking to see if compiler understands -Wpointer-arith
configure:24073: gcc -std=gnu99 -c -g -O2 -Wpointer-arith  conftest.c >&5
configure:24073: $? = 0
configure:24088: result: yes
configure:24316: set WARNING_CFLAGS to  -Wall -Wdeclaration-after-statement -Wvla -Wpointer-arith
configure:24318: set ERROR_CFLAGS to 
configure:24324: checking to see if c++ compiler understands 
configure:24348: g++ -c -g -O2   conftest.cpp >&5
configure:24348: $? = 0
configure:24371: result: yes
configure:24384: checking to see if c++ compiler understands -Wall
configure:24408: g++ -c -g -O2  -Wall conftest.cpp >&5
configure:24408: $? = 0
configure:24431: result: yes
configure:24796: set WARNING_CXXFLAGS to  -Wall
configure:24798: set ERROR_CXXFLAGS to 
configure:24847: Using autoaudiosink as default audio sink
configure:24872: Using alsasrc as default audio source
configure:24897: Using autovideosink as default video sink
configure:24922: Using v4l2src as default video source
configure:24947: Using goom as default visualizer
configure:25001: Checking libraries for plugins in sys/
configure:25342: creating ./config.status

## ---------------------- ##
## Running config.status. ##
## ---------------------- ##

This file was extended by GStreamer OpenGL Plug-ins config.status 0.10.2, which was
generated by GNU Autoconf 2.67.  Invocation command line was

  CONFIG_FILES    = 
  CONFIG_HEADERS  = 
  CONFIG_LINKS    = 
  CONFIG_COMMANDS = 
  $ ./config.status 

on neko-desktop

config.status:1408: creating Makefile
config.status:1408: creating gst-plugins-egl.spec
config.status:1408: creating gst/Makefile
config.status:1408: creating gst/gl/Makefile
config.status:1408: creating gst-libs/Makefile
config.status:1408: creating gst-libs/gst/Makefile
config.status:1408: creating gst-libs/gst/gl/Makefile
config.status:1408: creating pkgconfig/Makefile
config.status:1408: creating pkgconfig/gstreamer-egl.pc
config.status:1408: creating pkgconfig/gstreamer-egl-uninstalled.pc
config.status:1408: creating common/Makefile
config.status:1408: creating common/m4/Makefile
config.status:1408: creating m4/Makefile
config.status:1408: creating config.h
config.status:1636: executing depfiles commands
config.status:1636: executing libtool commands
config.status:1636: executing po-directories commands

## ---------------- ##
## Cache variables. ##
## ---------------- ##

ac_cv_build=arm-unknown-linux-gnueabi
ac_cv_c_bigendian=no
ac_cv_c_compiler_gnu=yes
ac_cv_c_inline=inline
ac_cv_cxx_compiler_gnu=yes
ac_cv_env_CCC_set=
ac_cv_env_CCC_value=
ac_cv_env_CC_set=
ac_cv_env_CC_value=
ac_cv_env_CFLAGS_set=set
ac_cv_env_CFLAGS_value='-g -O2'
ac_cv_env_CLUTTER_CFLAGS_set=
ac_cv_env_CLUTTER_CFLAGS_value=
ac_cv_env_CLUTTER_GLX_CFLAGS_set=
ac_cv_env_CLUTTER_GLX_CFLAGS_value=
ac_cv_env_CLUTTER_GLX_LIBS_set=
ac_cv_env_CLUTTER_GLX_LIBS_value=
ac_cv_env_CLUTTER_LIBS_set=
ac_cv_env_CLUTTER_LIBS_value=
ac_cv_env_CLUTTER_X11_CFLAGS_set=
ac_cv_env_CLUTTER_X11_CFLAGS_value=
ac_cv_env_CLUTTER_X11_LIBS_set=
ac_cv_env_CLUTTER_X11_LIBS_value=
ac_cv_env_CPPFLAGS_set=set
ac_cv_env_CPPFLAGS_value=
ac_cv_env_CPP_set=
ac_cv_env_CPP_value=
ac_cv_env_CXXCPP_set=
ac_cv_env_CXXCPP_value=
ac_cv_env_CXXFLAGS_set=set
ac_cv_env_CXXFLAGS_value='-g -O2'
ac_cv_env_CXX_set=
ac_cv_env_CXX_value=
ac_cv_env_GLIB_CFLAGS_set=
ac_cv_env_GLIB_CFLAGS_value=
ac_cv_env_GLIB_LIBS_set=
ac_cv_env_GLIB_LIBS_value=
ac_cv_env_GST_BASE_CFLAGS_set=
ac_cv_env_GST_BASE_CFLAGS_value=
ac_cv_env_GST_BASE_LIBS_set=
ac_cv_env_GST_BASE_LIBS_value=
ac_cv_env_GST_CFLAGS_set=
ac_cv_env_GST_CFLAGS_value=
ac_cv_env_GST_CHECK_CFLAGS_set=
ac_cv_env_GST_CHECK_CFLAGS_value=
ac_cv_env_GST_CHECK_LIBS_set=
ac_cv_env_GST_CHECK_LIBS_value=
ac_cv_env_GST_CONTROLLER_CFLAGS_set=
ac_cv_env_GST_CONTROLLER_CFLAGS_value=
ac_cv_env_GST_CONTROLLER_LIBS_set=
ac_cv_env_GST_CONTROLLER_LIBS_value=
ac_cv_env_GST_GDP_CFLAGS_set=
ac_cv_env_GST_GDP_CFLAGS_value=
ac_cv_env_GST_GDP_LIBS_set=
ac_cv_env_GST_GDP_LIBS_value=
ac_cv_env_GST_LIBS_set=
ac_cv_env_GST_LIBS_value=
ac_cv_env_GST_PLUGINS_BASE_CFLAGS_set=
ac_cv_env_GST_PLUGINS_BASE_CFLAGS_value=
ac_cv_env_GST_PLUGINS_BASE_LIBS_set=
ac_cv_env_GST_PLUGINS_BASE_LIBS_value=
ac_cv_env_GTK2_CFLAGS_set=
ac_cv_env_GTK2_CFLAGS_value=
ac_cv_env_GTK2_LIBS_set=
ac_cv_env_GTK2_LIBS_value=
ac_cv_env_LDFLAGS_set=set
ac_cv_env_LDFLAGS_value=-Wl,-z,defs
ac_cv_env_LIBPNG_CFLAGS_set=
ac_cv_env_LIBPNG_CFLAGS_value=
ac_cv_env_LIBPNG_LIBS_set=
ac_cv_env_LIBPNG_LIBS_value=
ac_cv_env_LIBS_set=
ac_cv_env_LIBS_value=
ac_cv_env_PKG_CONFIG_set=
ac_cv_env_PKG_CONFIG_value=
ac_cv_env_SDL_CFLAGS_set=
ac_cv_env_SDL_CFLAGS_value=
ac_cv_env_SDL_LIBS_set=
ac_cv_env_SDL_LIBS_value=
ac_cv_env_VALGRIND_CFLAGS_set=
ac_cv_env_VALGRIND_CFLAGS_value=
ac_cv_env_VALGRIND_LIBS_set=
ac_cv_env_VALGRIND_LIBS_value=
ac_cv_env_XCOMPOSITE_CFLAGS_set=
ac_cv_env_XCOMPOSITE_CFLAGS_value=
ac_cv_env_XCOMPOSITE_LIBS_set=
ac_cv_env_XCOMPOSITE_LIBS_value=
ac_cv_env_XMKMF_set=
ac_cv_env_XMKMF_value=
ac_cv_env_build_alias_set=set
ac_cv_env_build_alias_value=arm-linux-gnueabi
ac_cv_env_host_alias_set=
ac_cv_env_host_alias_value=
ac_cv_env_target_alias_set=
ac_cv_env_target_alias_value=
ac_cv_func_connect=yes
ac_cv_func_dlopen=no
ac_cv_func_gethostbyname=yes
ac_cv_func_remove=yes
ac_cv_func_shl_load=no
ac_cv_func_shmat=yes
ac_cv_have_x='have_x=yes	ac_x_includes='\'''\''	ac_x_libraries='\'''\'''
ac_cv_header_EGL_egl_h=yes
ac_cv_header_GLES2_gl2_h=yes
ac_cv_header_GL_gl_h=yes
ac_cv_header_X11_Xlib_h=yes
ac_cv_header_dlfcn_h=yes
ac_cv_header_gst_fsl_gstbufmeta_h=yes
ac_cv_header_inttypes_h=yes
ac_cv_header_memory_h=yes
ac_cv_header_stdc=yes
ac_cv_header_stdint_h=yes
ac_cv_header_stdlib_h=yes
ac_cv_header_string_h=yes
ac_cv_header_strings_h=yes
ac_cv_header_sys_stat_h=yes
ac_cv_header_sys_types_h=yes
ac_cv_header_unistd_h=yes
ac_cv_host=arm-unknown-linux-gnueabi
ac_cv_lib_EGL_eglGetError=yes
ac_cv_lib_GLESv2_glTexImage2D=yes
ac_cv_lib_ICE_IceConnectionNumber=yes
ac_cv_lib_cposix_strerror=no
ac_cv_lib_dl_dlopen=yes
ac_cv_lib_dld_shl_load=no
ac_cv_lib_m_cos=yes
ac_cv_objext=o
ac_cv_path_EGREP='/bin/grep -E'
ac_cv_path_FGREP='/bin/grep -F'
ac_cv_path_GMSGFMT=/usr/bin/msgfmt
ac_cv_path_GREP=/bin/grep
ac_cv_path_GTKDOC_CHECK=/usr/bin/gtkdoc-check
ac_cv_path_MSGFMT=/usr/bin/msgfmt
ac_cv_path_MSGMERGE=/usr/bin/msgmerge
ac_cv_path_PYTHON=/usr/bin/python
ac_cv_path_SED=/bin/sed
ac_cv_path_VALGRIND_PATH=no
ac_cv_path_XGETTEXT=/usr/bin/xgettext
ac_cv_path_ac_pt_PKG_CONFIG=/usr/bin/pkg-config
ac_cv_path_install='/usr/bin/install -c'
ac_cv_path_mkdir=/bin/mkdir
ac_cv_prog_AWK=gawk
ac_cv_prog_CPP='gcc -E'
ac_cv_prog_CXXCPP='g++ -E'
ac_cv_prog_ac_ct_AR=ar
ac_cv_prog_ac_ct_CC=gcc
ac_cv_prog_ac_ct_CXX=g++
ac_cv_prog_ac_ct_OBJC=gcc
ac_cv_prog_ac_ct_OBJDUMP=objdump
ac_cv_prog_ac_ct_RANLIB=ranlib
ac_cv_prog_ac_ct_STRIP=strip
ac_cv_prog_cc_c89=
ac_cv_prog_cc_c99=-std=gnu99
ac_cv_prog_cc_g=yes
ac_cv_prog_cc_gcc_c_o=yes
ac_cv_prog_cc_stdc=-std=gnu99
ac_cv_prog_cxx_g=yes
ac_cv_prog_make_make_set=yes
ac_cv_sizeof_void_p=4
ac_cv_sys_file_offset_bits=64
ac_cv_sys_largefile_CC=no
acl_cv_hardcode_direct=no
acl_cv_hardcode_libdir_flag_spec='${wl}-rpath ${wl}$libdir'
acl_cv_hardcode_libdir_separator=
acl_cv_hardcode_minus_L=no
acl_cv_libext=a
acl_cv_libname_spec='lib$name'
acl_cv_library_names_spec='$libname$shrext'
acl_cv_path_LD=/usr/bin/ld
acl_cv_prog_gnu_ld=yes
acl_cv_rpath=done
acl_cv_shlibext=so
acl_cv_wl=-Wl,
am_cv_CC_dependencies_compiler_type=gcc3
am_cv_CXX_dependencies_compiler_type=gcc3
am_cv_OBJC_dependencies_compiler_type=gcc3
gst_cv_have_func=yes
gst_cv_have_function=yes
gst_cv_have_pretty_function=yes
gt_cv_func_CFLocaleCopyCurrent=no
gt_cv_func_CFPreferencesCopyAppValue=no
gt_cv_func_gnugettext1_libc=yes
lt_cv_deplibs_check_method=pass_all
lt_cv_dlopen=dlopen
lt_cv_dlopen_libs=-ldl
lt_cv_dlopen_self=yes
lt_cv_dlopen_self_static=no
lt_cv_file_magic_cmd='$MAGIC_CMD'
lt_cv_file_magic_test_file=
lt_cv_ld_reload_flag=-r
lt_cv_nm_interface='BSD nm'
lt_cv_objdir=.libs
lt_cv_path_LD=/usr/bin/ld
lt_cv_path_LDCXX=/usr/bin/ld
lt_cv_path_NM='/usr/bin/nm -B'
lt_cv_prog_compiler_c_o=yes
lt_cv_prog_compiler_c_o_CXX=yes
lt_cv_prog_compiler_pic_works=yes
lt_cv_prog_compiler_pic_works_CXX=yes
lt_cv_prog_compiler_rtti_exceptions=no
lt_cv_prog_compiler_static_works=yes
lt_cv_prog_compiler_static_works_CXX=yes
lt_cv_prog_gnu_ld=yes
lt_cv_prog_gnu_ldcxx=yes
lt_cv_sys_global_symbol_pipe='sed -n -e '\''s/^.*[	 ]\([ABCDGIRSTW][ABCDGIRSTW]*\)[	 ][	 ]*\([_A-Za-z][_A-Za-z0-9]*\)$/\1 \2 \2/p'\'''
lt_cv_sys_global_symbol_to_c_name_address='sed -n -e '\''s/^: \([^ ]*\) $/  {\"\1\", (void *) 0},/p'\'' -e '\''s/^[ABCDGIRSTW]* \([^ ]*\) \([^ ]*\)$/  {"\2", (void *) \&\2},/p'\'''
lt_cv_sys_global_symbol_to_c_name_address_lib_prefix='sed -n -e '\''s/^: \([^ ]*\) $/  {\"\1\", (void *) 0},/p'\'' -e '\''s/^[ABCDGIRSTW]* \([^ ]*\) \(lib[^ ]*\)$/  {"\2", (void *) \&\2},/p'\'' -e '\''s/^[ABCDGIRSTW]* \([^ ]*\) \([^ ]*\)$/  {"lib\2", (void *) \&\2},/p'\'''
lt_cv_sys_global_symbol_to_cdecl='sed -n -e '\''s/^T .* \(.*\)$/extern int \1();/p'\'' -e '\''s/^[ABCDGIRSTW]* .* \(.*\)$/extern char \1;/p'\'''
lt_cv_sys_max_cmd_len=805306365
pkg_cv_GLIB_CFLAGS='-pthread -I/usr/include/glib-2.0 -I/usr/lib/glib-2.0/include  '
pkg_cv_GLIB_LIBS='-pthread -lgobject-2.0 -lgthread-2.0 -lgmodule-2.0 -lrt -lglib-2.0  '
pkg_cv_GST_BASE_CFLAGS='-pthread -I/usr/include/gstreamer-0.10 -I/usr/include/glib-2.0 -I/usr/lib/glib-2.0/include -I/usr/include/libxml2  '
pkg_cv_GST_BASE_LIBS='-pthread -lgstbase-0.10 -lgstreamer-0.10 -lgobject-2.0 -lgmodule-2.0 -lxml2 -lgthread-2.0 -lrt -lglib-2.0  '
pkg_cv_GST_CFLAGS='-pthread -I/usr/include/gstreamer-0.10 -I/usr/include/glib-2.0 -I/usr/lib/glib-2.0/include -I/usr/include/libxml2  '
pkg_cv_GST_CHECK_CFLAGS='-pthread -I/usr/include/gstreamer-0.10 -I/usr/include/glib-2.0 -I/usr/lib/glib-2.0/include -I/usr/include/libxml2  '
pkg_cv_GST_CHECK_LIBS='-pthread -lgstcheck-0.10 -lm -lgstreamer-0.10 -lgobject-2.0 -lgmodule-2.0 -lxml2 -lgthread-2.0 -lrt -lglib-2.0  '
pkg_cv_GST_CONTROLLER_CFLAGS='-pthread -I/usr/include/gstreamer-0.10 -I/usr/include/glib-2.0 -I/usr/lib/glib-2.0/include -I/usr/include/libxml2  '
pkg_cv_GST_CONTROLLER_LIBS='-pthread -lgstcontroller-0.10 -lgstreamer-0.10 -lgobject-2.0 -lgmodule-2.0 -lxml2 -lgthread-2.0 -lrt -lglib-2.0  '
pkg_cv_GST_GDP_CFLAGS='-pthread -I/usr/include/gstreamer-0.10 -I/usr/include/glib-2.0 -I/usr/lib/glib-2.0/include -I/usr/include/libxml2  '
pkg_cv_GST_GDP_LIBS='-pthread -lgstdataprotocol-0.10 -lgstreamer-0.10 -lgobject-2.0 -lgmodule-2.0 -lxml2 -lgthread-2.0 -lrt -lglib-2.0  '
pkg_cv_GST_LIBS='-pthread -lgstreamer-0.10 -lgobject-2.0 -lgmodule-2.0 -lxml2 -lgthread-2.0 -lrt -lglib-2.0  '
pkg_cv_GST_PLUGINS_BASE_CFLAGS='-pthread -I/usr/include/gstreamer-0.10 -I/usr/include/glib-2.0 -I/usr/lib/glib-2.0/include -I/usr/include/libxml2  '
pkg_cv_GST_PLUGINS_BASE_LIBS='-pthread -lgstreamer-0.10 -lgobject-2.0 -lgmodule-2.0 -lxml2 -lgthread-2.0 -lrt -lglib-2.0  '
pkg_cv_GTK2_CFLAGS='-pthread -I/usr/include/gtk-2.0 -I/usr/lib/gtk-2.0/include -I/usr/include/atk-1.0 -I/usr/include/cairo -I/usr/include/gdk-pixbuf-2.0 -I/usr/include/pango-1.0 -I/usr/include/gio-unix-2.0/ -I/usr/include/glib-2.0 -I/usr/lib/glib-2.0/include -I/usr/include/pixman-1 -I/usr/include/freetype2 -I/usr/include/libpng12  '
pkg_cv_GTK2_LIBS='-pthread -lgtk-x11-2.0 -lgdk-x11-2.0 -latk-1.0 -lgio-2.0 -lpangoft2-1.0 -lpangocairo-1.0 -lgdk_pixbuf-2.0 -lm -lcairo -lpng12 -lpango-1.0 -lfreetype -lfontconfig -lgobject-2.0 -lgmodule-2.0 -lgthread-2.0 -lrt -lglib-2.0  '
pkg_cv_LIBPNG_CFLAGS='-I/usr/include/libpng12  '
pkg_cv_LIBPNG_LIBS='-lpng12  '
pkg_cv_XCOMPOSITE_CFLAGS=' '
pkg_cv_XCOMPOSITE_LIBS='-lXcomposite -lXfixes  '

## ----------------- ##
## Output variables. ##
## ----------------- ##

ACLOCAL='${SHELL} /media/kitten_storage/gstreamer/egl/gst-fsl-plugin-egl-2.0.3/missing --run aclocal-1.11'
ACLOCAL_AMFLAGS='-I m4 -I common/m4'
AMDEPBACKSLASH='\'
AMDEP_FALSE='#'
AMDEP_TRUE=''
AMTAR='${SHELL} /media/kitten_storage/gstreamer/egl/gst-fsl-plugin-egl-2.0.3/missing --run tar'
AM_BACKSLASH='\'
AM_DEFAULT_VERBOSITY='0'
AR='ar'
AS='as'
AUTOCONF='${SHELL} /media/kitten_storage/gstreamer/egl/gst-fsl-plugin-egl-2.0.3/missing --run autoconf'
AUTOHEADER='${SHELL} /media/kitten_storage/gstreamer/egl/gst-fsl-plugin-egl-2.0.3/missing --run autoheader'
AUTOMAKE='${SHELL} /media/kitten_storage/gstreamer/egl/gst-fsl-plugin-egl-2.0.3/missing --run automake-1.11'
AWK='gawk'
BUILD_EXAMPLES_FALSE='#'
BUILD_EXAMPLES_TRUE=''
CC='gcc -std=gnu99'
CCASFLAGS=''
CCDEPMODE='depmode=gcc3'
CFLAGS='-g -O2'
CLUTTER_CFLAGS=''
CLUTTER_GLX_CFLAGS=''
CLUTTER_GLX_LIBS=''
CLUTTER_LIBS=''
CLUTTER_X11_CFLAGS=''
CLUTTER_X11_LIBS=''
CPP='gcc -E'
CPPFLAGS=''
CXX='g++'
CXXCPP='g++ -E'
CXXDEPMODE='depmode=gcc3'
CXXFLAGS='-g -O2'
CYGPATH_W='echo'
DEFAULT_AUDIOSINK='autoaudiosink'
DEFAULT_AUDIOSRC='alsasrc'
DEFAULT_VIDEOSINK='autovideosink'
DEFAULT_VIDEOSRC='v4l2src'
DEFAULT_VISUALIZER='goom'
DEFS='-DHAVE_CONFIG_H'
DEPDIR='.deps'
DEPRECATED_CFLAGS=''
DLLTOOL='dlltool'
DSYMUTIL=''
DUMPBIN=''
ECHO_C=''
ECHO_N='-n'
ECHO_T=''
EGREP='/bin/grep -E'
ENABLE_GTK_DOC_FALSE=''
ENABLE_GTK_DOC_TRUE='#'
ENABLE_PLUGIN_DOCS_FALSE=''
ENABLE_PLUGIN_DOCS_TRUE='#'
ERROR_CFLAGS=''
ERROR_CXXFLAGS=''
EXEEXT=''
FFLAGS='-g -O2'
FGREP='/bin/grep -F'
GCOV=''
GCOV_CFLAGS=''
GCOV_LIBS=''
GETTEXT_MACRO_VERSION='0.17'
GETTEXT_PACKAGE='gst-plugins-egl-0.10'
GLIB_CFLAGS='-pthread -I/usr/include/glib-2.0 -I/usr/lib/glib-2.0/include'
GLIB_LIBS='-pthread -lgobject-2.0 -lgthread-2.0 -lgmodule-2.0 -lrt -lglib-2.0  '
GLIB_PREFIX='/usr'
GLIB_REQ='2.6'
GL_BACKEND='x11ES2'
GL_BACKEND_COCOA_FALSE=''
GL_BACKEND_COCOA_TRUE='#'
GL_BACKEND_WIN32_FALSE=''
GL_BACKEND_WIN32_TRUE='#'
GL_BACKEND_X11ES2_FALSE='#'
GL_BACKEND_X11ES2_TRUE=''
GL_BACKEND_X11_FALSE=''
GL_BACKEND_X11_TRUE='#'
GL_IS_OPENGL_FALSE=''
GL_IS_OPENGL_TRUE='#'
GL_LIBS='   -lSM -lICE  -lX11   -lSM -lICE  -lX11 -lEGL -lGLESv2'
GMSGFMT='/usr/bin/msgfmt'
GMSGFMT_015='/usr/bin/msgfmt'
GREP='/bin/grep'
GSTPB_PLUGINS_DIR='/usr/lib/gstreamer-0.10'
GSTPB_PREFIX='/usr'
GST_AGE='0'
GST_ALL_LDFLAGS='-no-undefined'
GST_BASE_CFLAGS='-pthread -I/usr/include/gstreamer-0.10 -I/usr/include/glib-2.0 -I/usr/lib/glib-2.0/include -I/usr/include/libxml2  '
GST_BASE_LIBS='-pthread -lgstbase-0.10 -lgstreamer-0.10 -lgobject-2.0 -lgmodule-2.0 -lxml2 -lgthread-2.0 -lrt -lglib-2.0  '
GST_CFLAGS='-I$(top_srcdir)/gst-libs -I$(top_builddir)/gst-libs -pthread -I/usr/include/gstreamer-0.10 -I/usr/include/glib-2.0 -I/usr/lib/glib-2.0/include -I/usr/include/libxml2    -DG_THREADS_MANDATORY -DG_DISABLE_CAST_CHECKS $(GST_OPTION_CFLAGS)'
GST_CHECK_CFLAGS='-pthread -I/usr/include/gstreamer-0.10 -I/usr/include/glib-2.0 -I/usr/lib/glib-2.0/include -I/usr/include/libxml2  '
GST_CHECK_LIBS='-pthread -lgstcheck-0.10 -lm -lgstreamer-0.10 -lgobject-2.0 -lgmodule-2.0 -lxml2 -lgthread-2.0 -lrt -lglib-2.0  '
GST_CONTROLLER_CFLAGS='-pthread -I/usr/include/gstreamer-0.10 -I/usr/include/glib-2.0 -I/usr/lib/glib-2.0/include -I/usr/include/libxml2  '
GST_CONTROLLER_LIBS='-pthread -lgstcontroller-0.10 -lgstreamer-0.10 -lgobject-2.0 -lgmodule-2.0 -lxml2 -lgthread-2.0 -lrt -lglib-2.0  '
GST_CURRENT='1'
GST_CXXFLAGS='-I$(top_srcdir)/gst-libs -I$(top_builddir)/gst-libs -pthread -I/usr/include/gstreamer-0.10 -I/usr/include/glib-2.0 -I/usr/lib/glib-2.0/include -I/usr/include/libxml2     -DG_THREADS_MANDATORY -DG_DISABLE_CAST_CHECKS $(GST_OPTION_CXXFLAGS)'
GST_FSL_BASE_CFLAGS=''
GST_FSL_BASE_LIBS='-lgstbufmeta'
GST_GCOV_ENABLED_FALSE=''
GST_GCOV_ENABLED_TRUE='#'
GST_GDP_CFLAGS='-pthread -I/usr/include/gstreamer-0.10 -I/usr/include/glib-2.0 -I/usr/lib/glib-2.0/include -I/usr/include/libxml2  '
GST_GDP_LIBS='-pthread -lgstdataprotocol-0.10 -lgstreamer-0.10 -lgobject-2.0 -lgmodule-2.0 -lxml2 -lgthread-2.0 -lrt -lglib-2.0  '
GST_LEVEL_DEFAULT='GST_LEVEL_NONE'
GST_LIBS='-pthread -lgstreamer-0.10 -lgobject-2.0 -lgmodule-2.0 -lxml2 -lgthread-2.0 -lrt -lglib-2.0   $(GCOV_LIBS)'
GST_LIBVERSION='1:0:0'
GST_LIB_LDFLAGS='-export-symbols-regex ^_?\(gst_\|Gst\|GST_\).*'
GST_LICENSE='LGPL'
GST_LT_LDFLAGS=' -version-info 1:0:0'
GST_MAJORMINOR='0.10'
GST_OPTION_CFLAGS='$(WARNING_CFLAGS) $(ERROR_CFLAGS) $(DEBUG_CFLAGS) $(PROFILE_CFLAGS) $(GCOV_CFLAGS) $(OPT_CFLAGS) $(DEPRECATED_CFLAGS)'
GST_OPTION_CXXFLAGS='$(WARNING_CXXFLAGS) $(ERROR_CXXFLAGS) $(DEBUG_CFLAGS) $(PROFILE_CFLAGS) $(GCOV_CFLAGS) $(OPT_CFLAGS) $(DEPRECATED_CFLAGS)'
GST_PACKAGE_NAME='GStreamer OpenGL Plug-ins source release'
GST_PACKAGE_ORIGIN='Unknown package origin'
GST_PLUGINS_ALL=' gl'
GST_PLUGINS_BASE_CFLAGS='-pthread -I/usr/include/gstreamer-0.10 -I/usr/include/glib-2.0 -I/usr/lib/glib-2.0/include -I/usr/include/libxml2  '
GST_PLUGINS_BASE_LIBS='-pthread -lgstreamer-0.10 -lgobject-2.0 -lgmodule-2.0 -lxml2 -lgthread-2.0 -lrt -lglib-2.0  '
GST_PLUGINS_DIR='/usr/lib/gstreamer-0.10'
GST_PLUGINS_GL_CFLAGS='-I$(top_srcdir)/gst-libs -I$(top_builddir)/gst-libs'
GST_PLUGINS_SELECTED=' gl'
GST_PLUGIN_LDFLAGS='-module -avoid-version -export-symbols-regex '\''^_*gst_plugin_desc$$'\'' -no-undefined'
GST_PREFIX='/usr'
GST_REVISION='0'
GST_TOOLS_DIR='/usr/bin'
GTK2_CFLAGS='-pthread -I/usr/include/gtk-2.0 -I/usr/lib/gtk-2.0/include -I/usr/include/atk-1.0 -I/usr/include/cairo -I/usr/include/gdk-pixbuf-2.0 -I/usr/include/pango-1.0 -I/usr/include/gio-unix-2.0/ -I/usr/include/glib-2.0 -I/usr/lib/glib-2.0/include -I/usr/include/pixman-1 -I/usr/include/freetype2 -I/usr/include/libpng12  '
GTK2_LIBS='-pthread -lgtk-x11-2.0 -lgdk-x11-2.0 -latk-1.0 -lgio-2.0 -lpangoft2-1.0 -lpangocairo-1.0 -lgdk_pixbuf-2.0 -lm -lcairo -lpng12 -lpango-1.0 -lfreetype -lfontconfig -lgobject-2.0 -lgmodule-2.0 -lgthread-2.0 -lrt -lglib-2.0  '
GTKDOC_CHECK='/usr/bin/gtkdoc-check'
GTK_BASE_DIR=''
GTK_CFLAGS='-pthread -I/usr/include/gtk-2.0 -I/usr/lib/gtk-2.0/include -I/usr/include/atk-1.0 -I/usr/include/cairo -I/usr/include/gdk-pixbuf-2.0 -I/usr/include/pango-1.0 -I/usr/include/gio-unix-2.0/ -I/usr/include/glib-2.0 -I/usr/lib/glib-2.0/include -I/usr/include/pixman-1 -I/usr/include/freetype2 -I/usr/include/libpng12  '
GTK_DOC_USE_LIBTOOL_FALSE='#'
GTK_DOC_USE_LIBTOOL_TRUE=''
GTK_LIBS='-pthread -lgtk-x11-2.0 -lgdk-x11-2.0 -latk-1.0 -lgio-2.0 -lpangoft2-1.0 -lpangocairo-1.0 -lgdk_pixbuf-2.0 -lm -lcairo -lpng12 -lpango-1.0 -lfreetype -lfontconfig -lgobject-2.0 -lgmodule-2.0 -lgthread-2.0 -lrt -lglib-2.0  '
GTK_VERSION='2.10.0'
HAVE_CLUTTER='no'
HAVE_CLUTTER_FALSE=''
HAVE_CLUTTER_GLX='no'
HAVE_CLUTTER_GLX_FALSE=''
HAVE_CLUTTER_GLX_TRUE='#'
HAVE_CLUTTER_TRUE='#'
HAVE_CLUTTER_WITH_TEXTURE_RECTANGLE='no'
HAVE_CLUTTER_WITH_TEXTURE_RECTANGLE_FALSE=''
HAVE_CLUTTER_WITH_TEXTURE_RECTANGLE_TRUE='#'
HAVE_CLUTTER_X11='no'
HAVE_CLUTTER_X11_FALSE=''
HAVE_CLUTTER_X11_TRUE='#'
HAVE_CPU_ALPHA_FALSE=''
HAVE_CPU_ALPHA_TRUE='#'
HAVE_CPU_ARM_FALSE='#'
HAVE_CPU_ARM_TRUE=''
HAVE_CPU_CRISV32_FALSE=''
HAVE_CPU_CRISV32_TRUE='#'
HAVE_CPU_CRIS_FALSE=''
HAVE_CPU_CRIS_TRUE='#'
HAVE_CPU_HPPA_FALSE=''
HAVE_CPU_HPPA_TRUE='#'
HAVE_CPU_I386_FALSE=''
HAVE_CPU_I386_TRUE='#'
HAVE_CPU_IA64_FALSE=''
HAVE_CPU_IA64_TRUE='#'
HAVE_CPU_M68K_FALSE=''
HAVE_CPU_M68K_TRUE='#'
HAVE_CPU_MIPS_FALSE=''
HAVE_CPU_MIPS_TRUE='#'
HAVE_CPU_PPC64_FALSE=''
HAVE_CPU_PPC64_TRUE='#'
HAVE_CPU_PPC_FALSE=''
HAVE_CPU_PPC_TRUE='#'
HAVE_CPU_S390_FALSE=''
HAVE_CPU_S390_TRUE='#'
HAVE_CPU_SPARC_FALSE=''
HAVE_CPU_SPARC_TRUE='#'
HAVE_CPU_X86_64_FALSE=''
HAVE_CPU_X86_64_TRUE='#'
HAVE_EGL='yes'
HAVE_GL='yes'
HAVE_GLES2='yes'
HAVE_GLEW=''
HAVE_GLU=''
HAVE_GST_CHECK_FALSE='#'
HAVE_GST_CHECK_TRUE=''
HAVE_GTK='yes'
HAVE_GTK_FALSE='#'
HAVE_GTK_TRUE=''
HAVE_SDL_FALSE=''
HAVE_SDL_TRUE='#'
HAVE_VALGRIND_FALSE=''
HAVE_VALGRIND_TRUE='#'
HAVE_X='yes'
HAVE_XCOMPOSITE_FALSE='#'
HAVE_XCOMPOSITE_TRUE=''
HTML_DIR='${datadir}/gtk-doc/html'
INSTALL_DATA='${INSTALL} -m 644'
INSTALL_PROGRAM='${INSTALL}'
INSTALL_SCRIPT='${INSTALL}'
INSTALL_STRIP_PROGRAM='$(install_sh) -c -s'
INTLLIBS=''
INTL_MACOSX_LIBS=''
LD='/usr/bin/ld'
LDFLAGS='-Wl,-z,defs'
LIBICONV='-liconv'
LIBINTL=''
LIBM='-lm'
LIBOBJS=''
LIBPNG_CFLAGS='-I/usr/include/libpng12  '
LIBPNG_LIBS='-lpng12  '
LIBS=''
LIBTOOL='$(SHELL) $(top_builddir)/libtool'
LIPO=''
LN_S='ln -s'
LOCALEDIR='/usr/share/locale'
LTLIBICONV='-liconv'
LTLIBINTL=''
LTLIBOBJS=''
MAINT='#'
MAINTAINER_MODE_FALSE=''
MAINTAINER_MODE_TRUE='#'
MAKEINFO='${SHELL} /media/kitten_storage/gstreamer/egl/gst-fsl-plugin-egl-2.0.3/missing --run makeinfo'
MKDIR_P='/bin/mkdir -p'
MSGFMT='/usr/bin/msgfmt'
MSGFMT_015='/usr/bin/msgfmt'
MSGMERGE='/usr/bin/msgmerge'
NM='/usr/bin/nm -B'
NMEDIT=''
OBJC='gcc'
OBJCDEPMODE='depmode=gcc3'
OBJC_LDFLAGS='-lobjc'
OBJDUMP='objdump'
OBJEXT='o'
OPENGL_ES2=''
OTOOL64=''
OTOOL=''
PACKAGE='gst-plugins-egl'
PACKAGE_BUGREPORT='http://bugzilla.gnome.org/enter_bug.cgi?product=GStreamer'
PACKAGE_NAME='GStreamer OpenGL Plug-ins'
PACKAGE_STRING='GStreamer OpenGL Plug-ins 0.10.2'
PACKAGE_TARNAME='gst-plugins-egl'
PACKAGE_URL=''
PACKAGE_VERSION='0.10.2'
PACKAGE_VERSION_MAJOR='0'
PACKAGE_VERSION_MICRO='2'
PACKAGE_VERSION_MINOR='10'
PACKAGE_VERSION_NANO='0'
PACKAGE_VERSION_RELEASE='1'
PATH_SEPARATOR=':'
PKG_CONFIG='/usr/bin/pkg-config'
PLUGINDIR='/usr/lib/gstreamer-0.10'
POSUB='po'
PROFILE_CFLAGS='-g'
PYTHON='/usr/bin/python'
PYTHON_EXEC_PREFIX='${exec_prefix}'
PYTHON_PLATFORM='linux2'
PYTHON_PREFIX='${prefix}'
PYTHON_VERSION='2.6'
RANLIB='ranlib'
SDL_CFLAGS=''
SDL_CLUTTER=''
SDL_LIBS=''
SED='/bin/sed'
SET_MAKE=''
SHELL='/bin/bash'
STRIP='strip'
USE_NLS='yes'
USE_PLUGIN_GL_FALSE='#'
USE_PLUGIN_GL_TRUE=''
VALGRIND_CFLAGS=''
VALGRIND_LIBS=''
VALGRIND_PATH='no'
VERSION='0.10.2'
WARNING_CFLAGS=' -Wall -Wdeclaration-after-statement -Wvla -Wpointer-arith'
WARNING_CXXFLAGS=' -Wall'
XCOMPOSITE_CFLAGS=' '
XCOMPOSITE_LIBS='-lXcomposite -lXfixes  '
XGETTEXT='/usr/bin/xgettext'
XGETTEXT_015='/usr/bin/xgettext'
XGETTEXT_EXTRA_OPTIONS=''
XMKMF=''
X_CFLAGS=''
X_EXTRA_LIBS=''
X_LIBS='  -lSM -lICE  -lX11'
X_PRE_LIBS=' -lSM -lICE'
ac_ct_CC='gcc'
ac_ct_CXX='g++'
ac_ct_DUMPBIN=''
ac_ct_OBJC='gcc'
am__EXEEXT_FALSE=''
am__EXEEXT_TRUE='#'
am__fastdepCC_FALSE='#'
am__fastdepCC_TRUE=''
am__fastdepCXX_FALSE='#'
am__fastdepCXX_TRUE=''
am__fastdepOBJC_FALSE='#'
am__fastdepOBJC_TRUE=''
am__include='include'
am__isrc=''
am__leading_dot='.'
am__quote=''
am__tar='${AMTAR} chof - "$$tardir"'
am__untar='${AMTAR} xf -'
bindir='${exec_prefix}/bin'
build='arm-unknown-linux-gnueabi'
build_alias='arm-linux-gnueabi'
build_cpu='arm'
build_os='linux-gnueabi'
build_vendor='unknown'
datadir='${datarootdir}'
datarootdir='${prefix}/share'
docdir='${datarootdir}/doc/${PACKAGE_TARNAME}'
dvidir='${docdir}'
exec_prefix='${prefix}'
host='arm-unknown-linux-gnueabi'
host_alias=''
host_cpu='arm'
host_os='linux-gnueabi'
host_vendor='unknown'
htmldir='${docdir}'
includedir='${prefix}/include'
infodir='${prefix}/share/info'
install_sh='${SHELL} /media/kitten_storage/gstreamer/egl/gst-fsl-plugin-egl-2.0.3/install-sh'
libdir='${exec_prefix}/lib'
libexecdir='${exec_prefix}/libexec'
localedir='${datarootdir}/locale'
localstatedir='${prefix}/var'
lt_ECHO='echo'
mandir='${prefix}/share/man'
mkdir_p='/bin/mkdir -p'
oldincludedir='/usr/include'
pdfdir='${docdir}'
pkgpyexecdir='${pyexecdir}/gst-plugins-egl'
pkgpythondir='${pythondir}/gst-plugins-egl'
plugindir='$(libdir)/gstreamer-0.10'
prefix='/usr'
program_transform_name='s,x,x,'
psdir='${docdir}'
pyexecdir='${exec_prefix}/lib/python2.6/site-packages'
pythondir='${prefix}/lib/python2.6/site-packages'
sbindir='${exec_prefix}/sbin'
sharedstatedir='${prefix}/com'
sysconfdir='${prefix}/etc'
target_alias=''

## ----------- ##
## confdefs.h. ##
## ----------- ##

/* confdefs.h */
#define PACKAGE_NAME "GStreamer OpenGL Plug-ins"
#define PACKAGE_TARNAME "gst-plugins-egl"
#define PACKAGE_VERSION "0.10.2"
#define PACKAGE_STRING "GStreamer OpenGL Plug-ins 0.10.2"
#define PACKAGE_BUGREPORT "http://bugzilla.gnome.org/enter_bug.cgi?product=GStreamer"
#define PACKAGE_URL ""
#define PACKAGE "gst-plugins-egl"
#define VERSION "0.10.2"
#define STDC_HEADERS 1
#define HAVE_SYS_TYPES_H 1
#define HAVE_SYS_STAT_H 1
#define HAVE_STDLIB_H 1
#define HAVE_STRING_H 1
#define HAVE_MEMORY_H 1
#define HAVE_STRINGS_H 1
#define HAVE_INTTYPES_H 1
#define HAVE_STDINT_H 1
#define HAVE_UNISTD_H 1
#define HAVE_DLFCN_H 1
#define LT_OBJDIR ".libs/"
#define ENABLE_NLS 1
#define HAVE_GETTEXT 1
#define HAVE_DCGETTEXT 1
#define GETTEXT_PACKAGE "gst-plugins-egl-0.10"
#define LOCALEDIR "/usr/share/locale"
#define GST_PACKAGE_NAME "GStreamer OpenGL Plug-ins source release"
#define GST_PACKAGE_ORIGIN "Unknown package origin"
#define SIZEOF_VOID_P 4
#define HAVE_CPU_ARM 1
#define HOST_CPU "arm"
#define _FILE_OFFSET_BITS 64
#define STDC_HEADERS 1
#define HAVE_PRETTY_FUNCTION 1
#define HAVE_FUNCTION 1
#define HAVE_FUNC 1
#define GST_FUNCTION __PRETTY_FUNCTION__
#define HAVE_EGL_EGL_H 1
#define HAVE_GL_GL_H 1
#define HAVE_GST_FSL_GSTBUFMETA_H 1
#define OPENGL_ES2 1 
#define GST_LICENSE "LGPL"
#define PLUGINDIR "/usr/lib/gstreamer-0.10"
#define GST_LEVEL_DEFAULT GST_LEVEL_NONE
#define DEFAULT_AUDIOSINK "autoaudiosink"
#define DEFAULT_AUDIOSRC "alsasrc"
#define DEFAULT_VIDEOSINK "autovideosink"
#define DEFAULT_VIDEOSRC "v4l2src"
#define DEFAULT_VISUALIZER "goom"

configure: exit 0
